<?xml version="1.0" encoding="UTF-8"?>
<coverage generated="1784322262203" clover="3.2.0">
  <project timestamp="1784322262204" name="All files">
    <metrics statements="623" coveredstatements="500" conditionals="436" coveredconditionals="306" methods="78" coveredmethods="66" elements="1137" coveredelements="872" complexity="0" loc="623" ncloc="623" packages="3" files="5" classes="5"/>
    <package name="app.api">
      <metrics statements="359" coveredstatements="285" conditionals="239" coveredconditionals="180" methods="33" coveredmethods="28"/>
      <file name="spots+api.ts" path="C:\Projects\SkateU-app\src\app\api\spots+api.ts">
        <metrics statements="359" coveredstatements="285" conditionals="239" coveredconditionals="180" methods="33" coveredmethods="28"/>
        <line num="10" count="1" type="stmt"/>
        <line num="11" count="1" type="stmt"/>
        <line num="12" count="1" type="stmt"/>
        <line num="13" count="1" type="stmt"/>
        <line num="14" count="1" type="stmt"/>
        <line num="15" count="1" type="stmt"/>
        <line num="16" count="1" type="stmt"/>
        <line num="17" count="1" type="stmt"/>
        <line num="19" count="1" type="stmt"/>
        <line num="21" count="1" type="stmt"/>
        <line num="28" count="1" type="stmt"/>
        <line num="36" count="26" type="stmt"/>
        <line num="37" count="26" type="stmt"/>
        <line num="39" count="26" type="cond" truecount="4" falsecount="0"/>
        <line num="40" count="1" type="stmt"/>
        <line num="43" count="25" type="stmt"/>
        <line num="52" count="108" type="cond" truecount="4" falsecount="0"/>
        <line num="53" count="14" type="stmt"/>
        <line num="56" count="94" type="cond" truecount="4" falsecount="0"/>
        <line num="57" count="71" type="stmt"/>
        <line num="60" count="23" type="stmt"/>
        <line num="68" count="111" type="cond" truecount="4" falsecount="0"/>
        <line num="69" count="12" type="stmt"/>
        <line num="72" count="99" type="cond" truecount="4" falsecount="0"/>
        <line num="73" count="70" type="stmt"/>
        <line num="76" count="29" type="stmt"/>
        <line num="111" count="107" type="stmt"/>
        <line num="147" count="105" type="cond" truecount="1" falsecount="1"/>
        <line num="148" count="105" type="cond" truecount="2" falsecount="0"/>
        <line num="149" count="13" type="stmt"/>
        <line num="151" count="92" type="cond" truecount="4" falsecount="0"/>
        <line num="152" count="62" type="stmt"/>
        <line num="155" count="30" type="cond" truecount="1" falsecount="1"/>
        <line num="156" count="30" type="cond" truecount="2" falsecount="0"/>
        <line num="157" count="2" type="stmt"/>
        <line num="159" count="28" type="cond" truecount="1" falsecount="1"/>
        <line num="160" count="0" type="stmt"/>
        <line num="163" count="28" type="cond" truecount="1" falsecount="1"/>
        <line num="164" count="28" type="cond" truecount="2" falsecount="0"/>
        <line num="165" count="4" type="stmt"/>
        <line num="167" count="24" type="cond" truecount="1" falsecount="1"/>
        <line num="168" count="0" type="stmt"/>
        <line num="174" count="24" type="cond" truecount="1" falsecount="1"/>
        <line num="175" count="24" type="cond" truecount="2" falsecount="0"/>
        <line num="176" count="2" type="stmt"/>
        <line num="178" count="22" type="stmt"/>
        <line num="179" count="22" type="cond" truecount="5" falsecount="0"/>
        <line num="180" count="9" type="stmt"/>
        <line num="183" count="13" type="cond" truecount="1" falsecount="1"/>
        <line num="184" count="13" type="cond" truecount="2" falsecount="0"/>
        <line num="185" count="1" type="stmt"/>
        <line num="187" count="12" type="stmt"/>
        <line num="188" count="12" type="cond" truecount="5" falsecount="0"/>
        <line num="189" count="6" type="stmt"/>
        <line num="192" count="6" type="stmt"/>
        <line num="207" count="104" type="stmt"/>
        <line num="234" count="105" type="cond" truecount="1" falsecount="1"/>
        <line num="235" count="105" type="cond" truecount="2" falsecount="0"/>
        <line num="236" count="13" type="stmt"/>
        <line num="238" count="92" type="cond" truecount="1" falsecount="1"/>
        <line num="239" count="0" type="stmt"/>
        <line num="242" count="92" type="cond" truecount="1" falsecount="1"/>
        <line num="243" count="92" type="cond" truecount="2" falsecount="0"/>
        <line num="244" count="11" type="stmt"/>
        <line num="246" count="81" type="cond" truecount="1" falsecount="1"/>
        <line num="247" count="0" type="stmt"/>
        <line num="253" count="81" type="cond" truecount="1" falsecount="1"/>
        <line num="254" count="81" type="cond" truecount="2" falsecount="0"/>
        <line num="255" count="5" type="stmt"/>
        <line num="257" count="76" type="stmt"/>
        <line num="258" count="76" type="cond" truecount="5" falsecount="0"/>
        <line num="259" count="55" type="stmt"/>
        <line num="262" count="21" type="cond" truecount="1" falsecount="1"/>
        <line num="263" count="21" type="cond" truecount="2" falsecount="0"/>
        <line num="264" count="2" type="stmt"/>
        <line num="266" count="19" type="stmt"/>
        <line num="267" count="19" type="cond" truecount="5" falsecount="0"/>
        <line num="268" count="8" type="stmt"/>
        <line num="271" count="11" type="stmt"/>
        <line num="289" count="100" type="cond" truecount="2" falsecount="0"/>
        <line num="290" count="48" type="stmt"/>
        <line num="293" count="52" type="cond" truecount="2" falsecount="0"/>
        <line num="294" count="28" type="stmt"/>
        <line num="300" count="24" type="stmt"/>
        <line num="314" count="105" type="stmt"/>
        <line num="316" count="537" type="cond" truecount="1" falsecount="1"/>
        <line num="317" count="537" type="stmt"/>
        <line num="318" count="537" type="stmt"/>
        <line num="319" count="537" type="stmt"/>
        <line num="321" count="537" type="stmt"/>
        <line num="322" count="537" type="stmt"/>
        <line num="323" count="537" type="stmt"/>
        <line num="337" count="537" type="cond" truecount="2" falsecount="0"/>
        <line num="338" count="1" type="stmt"/>
        <line num="339" count="1" type="stmt"/>
        <line num="342" count="537" type="stmt"/>
        <line num="345" count="536" type="stmt"/>
        <line num="364" count="18" type="stmt"/>
        <line num="365" count="18" type="stmt"/>
        <line num="372" count="18" type="cond" truecount="2" falsecount="0"/>
        <line num="373" count="14" type="stmt"/>
        <line num="374" count="14" type="cond" truecount="3" falsecount="1"/>
        <line num="375" count="14" type="stmt"/>
        <line num="377" count="0" type="stmt"/>
        <line num="380" count="4" type="stmt"/>
        <line num="381" count="4" type="cond" truecount="2" falsecount="0"/>
        <line num="383" count="0" type="stmt"/>
        <line num="402" count="6" type="stmt"/>
        <line num="403" count="6" type="stmt"/>
        <line num="404" count="6" type="stmt"/>
        <line num="406" count="6" type="stmt"/>
        <line num="413" count="6" type="cond" truecount="1" falsecount="1"/>
        <line num="414" count="0" type="stmt"/>
        <line num="417" count="6" type="stmt"/>
        <line num="423" count="6" type="cond" truecount="2" falsecount="0"/>
        <line num="424" count="2" type="stmt"/>
        <line num="427" count="4" type="stmt"/>
        <line num="435" count="1" type="stmt"/>
        <line num="438" count="1" type="stmt"/>
        <line num="439" count="1" type="stmt"/>
        <line num="440" count="1" type="stmt"/>
        <line num="442" count="1" type="stmt"/>
        <line num="446" count="0" type="stmt"/>
        <line num="447" count="0" type="stmt"/>
        <line num="448" count="0" type="cond" truecount="0" falsecount="2"/>
        <line num="449" count="0" type="stmt"/>
        <line num="452" count="0" type="stmt"/>
        <line num="453" count="0" type="cond" truecount="0" falsecount="2"/>
        <line num="455" count="0" type="stmt"/>
        <line num="463" count="1" type="stmt"/>
        <line num="465" count="0" type="stmt"/>
        <line num="467" count="1" type="cond" truecount="1" falsecount="1"/>
        <line num="468" count="1" type="stmt"/>
        <line num="471" count="0" type="stmt"/>
        <line num="481" count="0" type="cond" truecount="0" falsecount="2"/>
        <line num="482" count="0" type="stmt"/>
        <line num="490" count="26" type="cond" truecount="2" falsecount="0"/>
        <line num="491" count="26" type="cond" truecount="2" falsecount="0"/>
        <line num="492" count="7" type="stmt"/>
        <line num="494" count="19" type="stmt"/>
        <line num="495" count="19" type="cond" truecount="1" falsecount="1"/>
        <line num="499" count="41" type="stmt"/>
        <line num="500" count="41" type="cond" truecount="1" falsecount="1"/>
        <line num="504" count="0" type="stmt"/>
        <line num="512" count="1" type="cond" truecount="1" falsecount="1"/>
        <line num="513" count="0" type="stmt"/>
        <line num="516" count="1" type="stmt"/>
        <line num="518" count="1" type="stmt"/>
        <line num="519" count="1" type="stmt"/>
        <line num="520" count="1" type="stmt"/>
        <line num="521" count="1" type="stmt"/>
        <line num="523" count="1" type="stmt"/>
        <line num="529" count="1" type="cond" truecount="1" falsecount="1"/>
        <line num="530" count="0" type="stmt"/>
        <line num="533" count="1" type="stmt"/>
        <line num="537" count="1" type="stmt"/>
        <line num="545" count="3" type="cond" truecount="2" falsecount="0"/>
        <line num="546" count="2" type="stmt"/>
        <line num="549" count="1" type="stmt"/>
        <line num="550" count="1" type="stmt"/>
        <line num="553" count="1" type="stmt"/>
        <line num="555" count="1" type="stmt"/>
        <line num="557" count="0" type="stmt"/>
        <line num="558" count="0" type="stmt"/>
        <line num="565" count="9" type="stmt"/>
        <line num="566" count="9" type="stmt"/>
        <line num="568" count="9" type="stmt"/>
        <line num="569" count="9" type="cond" truecount="2" falsecount="0"/>
        <line num="570" count="1" type="stmt"/>
        <line num="579" count="8" type="cond" truecount="4" falsecount="0"/>
        <line num="580" count="3" type="stmt"/>
        <line num="583" count="5" type="stmt"/>
        <line num="584" count="5" type="cond" truecount="2" falsecount="0"/>
        <line num="585" count="2" type="stmt"/>
        <line num="588" count="3" type="stmt"/>
        <line num="589" count="3" type="stmt"/>
        <line num="590" count="3" type="stmt"/>
        <line num="591" count="3" type="stmt"/>
        <line num="592" count="3" type="stmt"/>
        <line num="594" count="3" type="stmt"/>
        <line num="601" count="3" type="cond" truecount="2" falsecount="0"/>
        <line num="602" count="1" type="stmt"/>
        <line num="603" count="1" type="stmt"/>
        <line num="606" count="2" type="stmt"/>
        <line num="607" count="2" type="stmt"/>
        <line num="608" count="2" type="stmt"/>
        <line num="609" count="2" type="cond" truecount="1" falsecount="1"/>
        <line num="610" count="0" type="stmt"/>
        <line num="611" count="0" type="cond" truecount="0" falsecount="2"/>
        <line num="612" count="0" type="stmt"/>
        <line num="616" count="2" type="stmt"/>
        <line num="618" count="1" type="stmt"/>
        <line num="619" count="1" type="stmt"/>
        <line num="634" count="3" type="stmt"/>
        <line num="635" count="3" type="cond" truecount="2" falsecount="0"/>
        <line num="636" count="1" type="stmt"/>
        <line num="642" count="2" type="stmt"/>
        <line num="643" count="2" type="cond" truecount="2" falsecount="0"/>
        <line num="645" count="1" type="cond" truecount="1" falsecount="1"/>
        <line num="648" count="1" type="stmt"/>
        <line num="651" count="1" type="stmt"/>
        <line num="652" count="1" type="stmt"/>
        <line num="653" count="1" type="stmt"/>
        <line num="654" count="1" type="stmt"/>
        <line num="655" count="1" type="stmt"/>
        <line num="657" count="1" type="stmt"/>
        <line num="664" count="1" type="cond" truecount="1" falsecount="1"/>
        <line num="665" count="0" type="stmt"/>
        <line num="668" count="1" type="stmt"/>
        <line num="669" count="1" type="stmt"/>
        <line num="671" count="0" type="stmt"/>
        <line num="672" count="0" type="stmt"/>
        <line num="682" count="11" type="stmt"/>
        <line num="683" count="11" type="cond" truecount="2" falsecount="0"/>
        <line num="684" count="2" type="stmt"/>
        <line num="690" count="9" type="stmt"/>
        <line num="691" count="9" type="cond" truecount="1" falsecount="1"/>
        <line num="692" count="0" type="stmt"/>
        <line num="698" count="9" type="stmt"/>
        <line num="699" count="9" type="cond" truecount="2" falsecount="0"/>
        <line num="701" count="3" type="cond" truecount="2" falsecount="0"/>
        <line num="704" count="3" type="stmt"/>
        <line num="708" count="6" type="stmt"/>
        <line num="712" count="6" type="stmt"/>
        <line num="714" count="1" type="stmt"/>
        <line num="720" count="5" type="stmt"/>
        <line num="727" count="5" type="cond" truecount="2" falsecount="0"/>
        <line num="728" count="1" type="stmt"/>
        <line num="731" count="4" type="stmt"/>
        <line num="732" count="4" type="cond" truecount="1" falsecount="1"/>
        <line num="733" count="0" type="stmt"/>
        <line num="738" count="4" type="stmt"/>
        <line num="739" count="0" type="stmt"/>
        <line num="740" count="0" type="cond" truecount="0" falsecount="2"/>
        <line num="741" count="0" type="stmt"/>
        <line num="745" count="4" type="stmt"/>
        <line num="746" count="4" type="stmt"/>
        <line num="747" count="4" type="stmt"/>
        <line num="753" count="4" type="cond" truecount="1" falsecount="1"/>
        <line num="754" count="0" type="stmt"/>
        <line num="757" count="0" type="stmt"/>
        <line num="758" count="0" type="stmt"/>
        <line num="765" count="4" type="stmt"/>
        <line num="766" count="4" type="stmt"/>
        <line num="768" count="0" type="stmt"/>
        <line num="769" count="0" type="stmt"/>
        <line num="775" count="4" type="stmt"/>
        <line num="776" count="4" type="stmt"/>
        <line num="777" count="4" type="stmt"/>
        <line num="778" count="4" type="stmt"/>
        <line num="780" count="4" type="stmt"/>
        <line num="791" count="4" type="cond" truecount="2" falsecount="0"/>
        <line num="792" count="2" type="stmt"/>
        <line num="793" count="2" type="stmt"/>
        <line num="796" count="2" type="stmt"/>
        <line num="797" count="2" type="stmt"/>
        <line num="798" count="2" type="cond" truecount="1" falsecount="1"/>
        <line num="799" count="0" type="stmt"/>
        <line num="802" count="2" type="stmt"/>
        <line num="804" count="2" type="stmt"/>
        <line num="805" count="2" type="stmt"/>
        <line num="815" count="6" type="stmt"/>
        <line num="816" count="6" type="cond" truecount="2" falsecount="0"/>
        <line num="817" count="1" type="stmt"/>
        <line num="823" count="5" type="stmt"/>
        <line num="824" count="5" type="cond" truecount="1" falsecount="1"/>
        <line num="825" count="0" type="stmt"/>
        <line num="831" count="5" type="stmt"/>
        <line num="832" count="5" type="cond" truecount="2" falsecount="0"/>
        <line num="833" count="1" type="stmt"/>
        <line num="836" count="4" type="stmt"/>
        <line num="837" count="4" type="cond" truecount="1" falsecount="1"/>
        <line num="839" count="0" type="cond" truecount="0" falsecount="2"/>
        <line num="842" count="0" type="stmt"/>
        <line num="846" count="4" type="stmt"/>
        <line num="847" count="4" type="stmt"/>
        <line num="849" count="0" type="stmt"/>
        <line num="855" count="4" type="stmt"/>
        <line num="861" count="4" type="cond" truecount="2" falsecount="0"/>
        <line num="862" count="1" type="stmt"/>
        <line num="867" count="3" type="stmt"/>
        <line num="868" count="3" type="stmt"/>
        <line num="870" count="0" type="stmt"/>
        <line num="871" count="0" type="stmt"/>
        <line num="877" count="3" type="cond" truecount="2" falsecount="0"/>
        <line num="878" count="1" type="stmt"/>
        <line num="880" count="2" type="cond" truecount="2" falsecount="0"/>
        <line num="881" count="1" type="stmt"/>
        <line num="889" count="1" type="stmt"/>
        <line num="890" count="1" type="cond" truecount="1" falsecount="1"/>
        <line num="891" count="0" type="stmt"/>
        <line num="896" count="1" type="stmt"/>
        <line num="897" count="0" type="stmt"/>
        <line num="898" count="0" type="cond" truecount="0" falsecount="2"/>
        <line num="899" count="0" type="stmt"/>
        <line num="903" count="1" type="stmt"/>
        <line num="905" count="1" type="cond" truecount="1" falsecount="1"/>
        <line num="908" count="1" type="stmt"/>
        <line num="914" count="1" type="cond" truecount="1" falsecount="1"/>
        <line num="915" count="0" type="stmt"/>
        <line num="918" count="0" type="stmt"/>
        <line num="919" count="0" type="stmt"/>
        <line num="931" count="1" type="stmt"/>
        <line num="938" count="1" type="cond" truecount="1" falsecount="1"/>
        <line num="939" count="0" type="stmt"/>
        <line num="940" count="0" type="stmt"/>
        <line num="942" count="0" type="stmt"/>
        <line num="943" count="0" type="stmt"/>
        <line num="950" count="1" type="stmt"/>
        <line num="951" count="1" type="stmt"/>
        <line num="952" count="1" type="stmt"/>
        <line num="953" count="1" type="stmt"/>
        <line num="955" count="1" type="stmt"/>
        <line num="966" count="1" type="cond" truecount="1" falsecount="1"/>
        <line num="967" count="0" type="stmt"/>
        <line num="970" count="1" type="stmt"/>
        <line num="971" count="1" type="stmt"/>
        <line num="972" count="1" type="cond" truecount="1" falsecount="1"/>
        <line num="973" count="0" type="stmt"/>
        <line num="976" count="1" type="cond" truecount="1" falsecount="1"/>
        <line num="977" count="0" type="stmt"/>
        <line num="978" count="0" type="stmt"/>
        <line num="980" count="0" type="stmt"/>
        <line num="984" count="1" type="stmt"/>
        <line num="986" count="0" type="stmt"/>
        <line num="987" count="0" type="stmt"/>
        <line num="997" count="4" type="stmt"/>
        <line num="998" count="4" type="cond" truecount="2" falsecount="0"/>
        <line num="999" count="1" type="stmt"/>
        <line num="1005" count="3" type="stmt"/>
        <line num="1006" count="3" type="cond" truecount="1" falsecount="1"/>
        <line num="1007" count="0" type="stmt"/>
        <line num="1013" count="3" type="stmt"/>
        <line num="1014" count="3" type="cond" truecount="1" falsecount="1"/>
        <line num="1015" count="0" type="stmt"/>
        <line num="1018" count="3" type="stmt"/>
        <line num="1019" count="3" type="cond" truecount="1" falsecount="1"/>
        <line num="1021" count="0" type="cond" truecount="0" falsecount="2"/>
        <line num="1024" count="0" type="stmt"/>
        <line num="1029" count="3" type="stmt"/>
        <line num="1030" count="3" type="stmt"/>
        <line num="1032" count="0" type="stmt"/>
        <line num="1033" count="0" type="stmt"/>
        <line num="1039" count="3" type="cond" truecount="2" falsecount="0"/>
        <line num="1041" count="1" type="stmt"/>
        <line num="1043" count="2" type="cond" truecount="2" falsecount="0"/>
        <line num="1044" count="1" type="stmt"/>
        <line num="1050" count="1" type="stmt"/>
        <line num="1051" count="1" type="stmt"/>
        <line num="1052" count="1" type="stmt"/>
        <line num="1054" count="1" type="stmt"/>
        <line num="1062" count="1" type="cond" truecount="1" falsecount="1"/>
        <line num="1063" count="0" type="stmt"/>
        <line num="1066" count="1" type="stmt"/>
        <line num="1067" count="1" type="stmt"/>
        <line num="1069" count="0" type="stmt"/>
        <line num="1072" count="1" type="stmt"/>
        <line num="1074" count="0" type="stmt"/>
        <line num="1075" count="0" type="stmt"/>
      </file>
    </package>
    <package name="lib">
      <metrics statements="72" coveredstatements="60" conditionals="43" coveredconditionals="33" methods="8" coveredmethods="7"/>
      <file name="addSpotForm.ts" path="C:\Projects\SkateU-app\src\lib\addSpotForm.ts">
        <metrics statements="8" coveredstatements="8" conditionals="7" coveredconditionals="7" methods="1" coveredmethods="1"/>
        <line num="8" count="1" type="stmt"/>
        <line num="9" count="1" type="stmt"/>
        <line num="10" count="1" type="stmt"/>
        <line num="11" count="1" type="stmt"/>
        <line num="18" count="208" type="cond" truecount="2" falsecount="0"/>
        <line num="20" count="208" type="stmt"/>
        <line num="21" count="208" type="stmt"/>
        <line num="23" count="208" type="stmt"/>
      </file>
      <file name="api.ts" path="C:\Projects\SkateU-app\src\lib\api.ts">
        <metrics statements="12" coveredstatements="7" conditionals="10" coveredconditionals="6" methods="2" coveredmethods="2"/>
        <line num="5" count="122" type="stmt"/>
        <line num="11" count="123" type="stmt"/>
        <line num="13" count="123" type="cond" truecount="2" falsecount="0"/>
        <line num="14" count="122" type="cond" truecount="3" falsecount="1"/>
        <line num="15" count="0" type="stmt"/>
        <line num="20" count="122" type="stmt"/>
        <line num="23" count="1" type="cond" truecount="1" falsecount="1"/>
        <line num="24" count="1" type="stmt"/>
        <line num="27" count="0" type="stmt"/>
        <line num="29" count="0" type="cond" truecount="0" falsecount="2"/>
        <line num="30" count="0" type="stmt"/>
        <line num="33" count="0" type="stmt"/>
      </file>
      <file name="spotModeration.ts" path="C:\Projects\SkateU-app\src\lib\spotModeration.ts">
        <metrics statements="52" coveredstatements="45" conditionals="26" coveredconditionals="20" methods="5" coveredmethods="4"/>
        <line num="1" count="2" type="stmt"/>
        <line num="2" count="2" type="stmt"/>
        <line num="3" count="2" type="stmt"/>
        <line num="5" count="2" type="stmt"/>
        <line num="35" count="3" type="stmt"/>
        <line num="41" count="8" type="stmt"/>
        <line num="42" count="8" type="stmt"/>
        <line num="44" count="0" type="stmt"/>
        <line num="47" count="8" type="cond" truecount="3" falsecount="1"/>
        <line num="48" count="0" type="stmt"/>
        <line num="51" count="8" type="stmt"/>
        <line num="57" count="8" type="cond" truecount="2" falsecount="0"/>
        <line num="58" count="6" type="stmt"/>
        <line num="61" count="2" type="cond" truecount="1" falsecount="1"/>
        <line num="62" count="0" type="stmt"/>
        <line num="65" count="2" type="stmt"/>
        <line num="66" count="2" type="cond" truecount="4" falsecount="0"/>
        <line num="67" count="1" type="stmt"/>
        <line num="70" count="1" type="cond" truecount="1" falsecount="1"/>
        <line num="71" count="1" type="cond" truecount="1" falsecount="1"/>
        <line num="72" count="0" type="stmt"/>
        <line num="75" count="1" type="stmt"/>
        <line num="83" count="1" type="stmt"/>
        <line num="84" count="1" type="stmt"/>
        <line num="85" count="1" type="stmt"/>
        <line num="87" count="1" type="stmt"/>
        <line num="88" count="2" type="stmt"/>
        <line num="89" count="2" type="stmt"/>
        <line num="92" count="1" type="stmt"/>
        <line num="105" count="10" type="stmt"/>
        <line num="106" count="10" type="cond" truecount="2" falsecount="0"/>
        <line num="107" count="1" type="stmt"/>
        <line num="110" count="9" type="stmt"/>
        <line num="122" count="9" type="stmt"/>
        <line num="123" count="4" type="stmt"/>
        <line num="129" count="9" type="stmt"/>
        <line num="130" count="9" type="stmt"/>
        <line num="132" count="9" type="stmt"/>
        <line num="133" count="9" type="stmt"/>
        <line num="152" count="9" type="cond" truecount="2" falsecount="0"/>
        <line num="154" count="1" type="stmt"/>
        <line num="155" count="1" type="stmt"/>
        <line num="158" count="8" type="stmt"/>
        <line num="159" count="8" type="stmt"/>
        <line num="160" count="8" type="cond" truecount="1" falsecount="1"/>
        <line num="161" count="0" type="stmt"/>
        <line num="164" count="8" type="stmt"/>
        <line num="166" count="2" type="cond" truecount="3" falsecount="1"/>
        <line num="167" count="2" type="stmt"/>
        <line num="170" count="0" type="stmt"/>
        <line num="171" count="0" type="stmt"/>
        <line num="173" count="9" type="stmt"/>
      </file>
    </package>
    <package name="store">
      <metrics statements="192" coveredstatements="155" conditionals="154" coveredconditionals="93" methods="37" coveredmethods="31"/>
      <file name="spotsStore.ts" path="C:\Projects\SkateU-app\src\store\spotsStore.ts">
        <metrics statements="192" coveredstatements="155" conditionals="154" coveredconditionals="93" methods="37" coveredmethods="31"/>
        <line num="40" count="1" type="stmt"/>
        <line num="41" count="1" type="stmt"/>
        <line num="42" count="1" type="stmt"/>
        <line num="45" count="1" type="stmt"/>
        <line num="46" count="1" type="stmt"/>
        <line num="47" count="1" type="stmt"/>
        <line num="48" count="1" type="stmt"/>
        <line num="49" count="1" type="stmt"/>
        <line num="51" count="1" type="stmt"/>
        <line num="52" count="1" type="stmt"/>
        <line num="53" count="1" type="stmt"/>
        <line num="54" count="1" type="stmt"/>
        <line num="63" count="0" type="stmt"/>
        <line num="73" count="261" type="stmt"/>
        <line num="74" count="261" type="stmt"/>
        <line num="76" count="261" type="stmt"/>
        <line num="77" count="261" type="stmt"/>
        <line num="82" count="112" type="stmt"/>
        <line num="85" count="112" type="cond" truecount="1" falsecount="1"/>
        <line num="86" count="0" type="stmt"/>
        <line num="89" count="112" type="stmt"/>
        <line num="91" count="261" type="stmt"/>
        <line num="99" count="6" type="stmt"/>
        <line num="100" count="6" type="stmt"/>
        <line num="102" count="0" type="cond" truecount="0" falsecount="4"/>
        <line num="103" count="0" type="stmt"/>
        <line num="105" count="0" type="stmt"/>
        <line num="111" count="36" type="stmt"/>
        <line num="112" count="36" type="stmt"/>
        <line num="116" count="36" type="cond" truecount="4" falsecount="0"/>
        <line num="117" count="34" type="stmt"/>
        <line num="119" count="2" type="cond" truecount="4" falsecount="0"/>
        <line num="120" count="1" type="stmt"/>
        <line num="129" count="1" type="cond" truecount="1" falsecount="1"/>
        <line num="130" count="1" type="stmt"/>
        <line num="133" count="0" type="stmt"/>
        <line num="139" count="1" type="stmt"/>
        <line num="142" count="140" type="cond" truecount="1" falsecount="1"/>
        <line num="143" count="140" type="stmt"/>
        <line num="145" count="0" type="stmt"/>
        <line num="149" count="140" type="stmt"/>
        <line num="157" count="113" type="stmt"/>
        <line num="158" count="253" type="stmt"/>
        <line num="159" count="253" type="stmt"/>
        <line num="162" count="104" type="cond" truecount="4" falsecount="0"/>
        <line num="163" count="63" type="stmt"/>
        <line num="164" count="63" type="stmt"/>
        <line num="167" count="41" type="stmt"/>
        <line num="171" count="149" type="cond" truecount="2" falsecount="0"/>
        <line num="172" count="149" type="cond" truecount="4" falsecount="0"/>
        <line num="173" count="72" type="stmt"/>
        <line num="176" count="77" type="stmt"/>
        <line num="182" count="104" type="cond" truecount="1" falsecount="1"/>
        <line num="183" count="104" type="cond" truecount="2" falsecount="0"/>
        <line num="184" count="34" type="stmt"/>
        <line num="186" count="70" type="cond" truecount="1" falsecount="1"/>
        <line num="187" count="70" type="stmt"/>
        <line num="191" count="0" type="stmt"/>
        <line num="194" count="1" type="stmt"/>
        <line num="207" count="209" type="stmt"/>
        <line num="208" count="209" type="stmt"/>
        <line num="209" count="209" type="cond" truecount="1" falsecount="1"/>
        <line num="213" count="209" type="cond" truecount="2" falsecount="0"/>
        <line num="214" count="100" type="cond" truecount="1" falsecount="1"/>
        <line num="215" count="100" type="stmt"/>
        <line num="217" count="100" type="stmt"/>
        <line num="220" count="109" type="cond" truecount="1" falsecount="1"/>
        <line num="221" count="109" type="stmt"/>
        <line num="224" count="109" type="stmt"/>
        <line num="225" count="109" type="stmt"/>
        <line num="235" count="37" type="cond" truecount="2" falsecount="0"/>
        <line num="236" count="32" type="stmt"/>
        <line num="239" count="5" type="stmt"/>
        <line num="241" count="5" type="cond" truecount="1" falsecount="1"/>
        <line num="245" count="0" type="cond" truecount="0" falsecount="2"/>
        <line num="246" count="0" type="stmt"/>
        <line num="248" count="0" type="stmt"/>
        <line num="252" count="5" type="stmt"/>
        <line num="260" count="104" type="cond" truecount="1" falsecount="1"/>
        <line num="264" count="0" type="cond" truecount="0" falsecount="2"/>
        <line num="265" count="0" type="stmt"/>
        <line num="267" count="0" type="stmt"/>
        <line num="269" count="104" type="stmt"/>
        <line num="274" count="1" type="stmt"/>
        <line num="275" count="1" type="stmt"/>
        <line num="276" count="1" type="stmt"/>
        <line num="277" count="1" type="stmt"/>
        <line num="278" count="1" type="stmt"/>
        <line num="279" count="1" type="stmt"/>
        <line num="281" count="1" type="cond" truecount="3" falsecount="1"/>
        <line num="282" count="0" type="stmt"/>
        <line num="290" count="1" type="stmt"/>
        <line num="296" count="1" type="cond" truecount="1" falsecount="1"/>
        <line num="297" count="0" type="stmt"/>
        <line num="300" count="1" type="stmt"/>
        <line num="302" count="1" type="cond" truecount="1" falsecount="1"/>
        <line num="303" count="0" type="stmt"/>
        <line num="306" count="1" type="stmt"/>
        <line num="310" count="2" type="stmt"/>
        <line num="311" count="2" type="stmt"/>
        <line num="312" count="2" type="stmt"/>
        <line num="314" count="2" type="stmt"/>
        <line num="315" count="2" type="stmt"/>
        <line num="320" count="2" type="cond" truecount="2" falsecount="0"/>
        <line num="321" count="1" type="stmt"/>
        <line num="324" count="1" type="stmt"/>
        <line num="325" count="1" type="cond" truecount="1" falsecount="1"/>
        <line num="329" count="0" type="cond" truecount="0" falsecount="2"/>
        <line num="330" count="0" type="stmt"/>
        <line num="332" count="0" type="stmt"/>
        <line num="335" count="1" type="cond" truecount="1" falsecount="1"/>
        <line num="337" count="1" type="cond" truecount="1" falsecount="1"/>
        <line num="341" count="0" type="cond" truecount="0" falsecount="2"/>
        <line num="342" count="0" type="stmt"/>
        <line num="344" count="0" type="stmt"/>
        <line num="348" count="1" type="stmt"/>
        <line num="359" count="2" type="stmt"/>
        <line num="360" count="2" type="stmt"/>
        <line num="361" count="2" type="stmt"/>
        <line num="363" count="2" type="stmt"/>
        <line num="364" count="2" type="stmt"/>
        <line num="369" count="2" type="cond" truecount="2" falsecount="0"/>
        <line num="370" count="1" type="stmt"/>
        <line num="373" count="1" type="stmt"/>
        <line num="374" count="1" type="cond" truecount="1" falsecount="1"/>
        <line num="378" count="0" type="cond" truecount="0" falsecount="2"/>
        <line num="379" count="0" type="stmt"/>
        <line num="381" count="0" type="stmt"/>
        <line num="384" count="1" type="cond" truecount="1" falsecount="1"/>
        <line num="386" count="1" type="cond" truecount="1" falsecount="1"/>
        <line num="390" count="0" type="cond" truecount="0" falsecount="2"/>
        <line num="391" count="0" type="stmt"/>
        <line num="393" count="0" type="stmt"/>
        <line num="396" count="1" type="stmt"/>
        <line num="409" count="3" type="stmt"/>
        <line num="411" count="3" type="stmt"/>
        <line num="419" count="3" type="cond" truecount="1" falsecount="1"/>
        <line num="420" count="0" type="stmt"/>
        <line num="423" count="3" type="stmt"/>
        <line num="427" count="3" type="cond" truecount="2" falsecount="0"/>
        <line num="428" count="3" type="cond" truecount="2" falsecount="0"/>
        <line num="429" count="3" type="stmt"/>
        <line num="431" count="3" type="stmt"/>
        <line num="432" count="3" type="stmt"/>
        <line num="433" count="7" type="cond" truecount="1" falsecount="1"/>
        <line num="436" count="3" type="stmt"/>
        <line num="437" count="3" type="stmt"/>
        <line num="438" count="3" type="stmt"/>
        <line num="440" count="3" type="cond" truecount="2" falsecount="0"/>
        <line num="441" count="1" type="stmt"/>
        <line num="444" count="1" type="stmt"/>
        <line num="448" count="2" type="stmt"/>
        <line num="449" count="2" type="stmt"/>
        <line num="455" count="0" type="stmt"/>
        <line num="463" count="2" type="stmt"/>
        <line num="464" count="2" type="stmt"/>
        <line num="465" count="2" type="stmt"/>
        <line num="466" count="2" type="stmt"/>
        <line num="467" count="2" type="stmt"/>
        <line num="471" count="2" type="cond" truecount="3" falsecount="1"/>
        <line num="472" count="0" type="stmt"/>
        <line num="479" count="2" type="stmt"/>
        <line num="488" count="2" type="cond" truecount="2" falsecount="0"/>
        <line num="489" count="1" type="stmt"/>
        <line num="492" count="1" type="stmt"/>
        <line num="493" count="1" type="cond" truecount="1" falsecount="1"/>
        <line num="494" count="0" type="stmt"/>
        <line num="497" count="1" type="stmt"/>
        <line num="501" count="1" type="stmt"/>
        <line num="502" count="2" type="cond" truecount="2" falsecount="0"/>
        <line num="503" count="1" type="cond" truecount="1" falsecount="1"/>
        <line num="505" count="0" type="cond" truecount="0" falsecount="2"/>
        <line num="509" count="1" type="stmt"/>
        <line num="513" count="2" type="stmt"/>
        <line num="521" count="2" type="cond" truecount="2" falsecount="0"/>
        <line num="522" count="1" type="stmt"/>
        <line num="527" count="1" type="stmt"/>
        <line num="528" count="2" type="stmt"/>
        <line num="529" count="2" type="stmt"/>
        <line num="530" count="0" type="stmt"/>
        <line num="535" count="0" type="stmt"/>
        <line num="536" count="0" type="stmt"/>
        <line num="540" count="1" type="stmt"/>
        <line num="541" count="1" type="stmt"/>
        <line num="542" count="1" type="stmt"/>
        <line num="543" count="1" type="stmt"/>
        <line num="544" count="1" type="stmt"/>
        <line num="552" count="22" type="stmt"/>
        <line num="553" count="22" type="stmt"/>
        <line num="554" count="22" type="stmt"/>
        <line num="555" count="22" type="stmt"/>
        <line num="556" count="22" type="stmt"/>
      </file>
    </package>
  </project>
</coverage>
