{"C:\\Projects\\SkateU-app\\src\\app\\api\\spots+api.ts": {"path":"C:\\Projects\\SkateU-app\\src\\app\\api\\spots+api.ts","statementMap":{"0":{"start":{"line":10,"column":31},"end":{"line":10,"column":49}},"1":{"start":{"line":11,"column":36},"end":{"line":11,"column":38}},"2":{"start":{"line":12,"column":24},"end":{"line":12,"column":27}},"3":{"start":{"line":13,"column":31},"end":{"line":13,"column":35}},"4":{"start":{"line":14,"column":26},"end":{"line":14,"column":28}},"5":{"start":{"line":15,"column":31},"end":{"line":15,"column":47}},"6":{"start":{"line":16,"column":33},"end":{"line":16,"column":39}},"7":{"start":{"line":17,"column":35},"end":{"line":17,"column":85}},"8":{"start":{"line":19,"column":39},"end":{"line":19,"column":42}},"9":{"start":{"line":21,"column":49},"end":{"line":25,"column":1}},"10":{"start":{"line":28,"column":2},"end":{"line":28,"column":149}},"11":{"start":{"line":36,"column":14},"end":{"line":36,"column":38}},"12":{"start":{"line":37,"column":17},"end":{"line":37,"column":54}},"13":{"start":{"line":39,"column":2},"end":{"line":41,"column":3}},"14":{"start":{"line":40,"column":4},"end":{"line":40,"column":16}},"15":{"start":{"line":43,"column":2},"end":{"line":43,"column":25}},"16":{"start":{"line":52,"column":2},"end":{"line":54,"column":3}},"17":{"start":{"line":53,"column":4},"end":{"line":53,"column":73}},"18":{"start":{"line":56,"column":2},"end":{"line":58,"column":3}},"19":{"start":{"line":57,"column":4},"end":{"line":57,"column":72}},"20":{"start":{"line":60,"column":2},"end":{"line":60,"column":29}},"21":{"start":{"line":68,"column":2},"end":{"line":70,"column":3}},"22":{"start":{"line":69,"column":4},"end":{"line":69,"column":62}},"23":{"start":{"line":72,"column":2},"end":{"line":74,"column":3}},"24":{"start":{"line":73,"column":4},"end":{"line":73,"column":61}},"25":{"start":{"line":76,"column":2},"end":{"line":76,"column":29}},"26":{"start":{"line":111,"column":2},"end":{"line":127,"column":4}},"27":{"start":{"line":147,"column":19},"end":{"line":147,"column":49}},"28":{"start":{"line":148,"column":2},"end":{"line":150,"column":3}},"29":{"start":{"line":149,"column":4},"end":{"line":149,"column":69}},"30":{"start":{"line":151,"column":2},"end":{"line":153,"column":3}},"31":{"start":{"line":152,"column":4},"end":{"line":152,"column":68}},"32":{"start":{"line":155,"column":15},"end":{"line":155,"column":41}},"33":{"start":{"line":156,"column":2},"end":{"line":158,"column":3}},"34":{"start":{"line":157,"column":4},"end":{"line":157,"column":65}},"35":{"start":{"line":159,"column":2},"end":{"line":161,"column":3}},"36":{"start":{"line":160,"column":4},"end":{"line":160,"column":93}},"37":{"start":{"line":163,"column":22},"end":{"line":163,"column":55}},"38":{"start":{"line":164,"column":2},"end":{"line":166,"column":3}},"39":{"start":{"line":165,"column":4},"end":{"line":165,"column":72}},"40":{"start":{"line":167,"column":2},"end":{"line":172,"column":3}},"41":{"start":{"line":168,"column":4},"end":{"line":171,"column":6}},"42":{"start":{"line":174,"column":22},"end":{"line":174,"column":52}},"43":{"start":{"line":175,"column":2},"end":{"line":177,"column":3}},"44":{"start":{"line":176,"column":4},"end":{"line":176,"column":69}},"45":{"start":{"line":178,"column":19},"end":{"line":178,"column":38}},"46":{"start":{"line":179,"column":2},"end":{"line":181,"column":3}},"47":{"start":{"line":180,"column":4},"end":{"line":180,"column":73}},"48":{"start":{"line":183,"column":23},"end":{"line":183,"column":54}},"49":{"start":{"line":184,"column":2},"end":{"line":186,"column":3}},"50":{"start":{"line":185,"column":4},"end":{"line":185,"column":70}},"51":{"start":{"line":187,"column":20},"end":{"line":187,"column":40}},"52":{"start":{"line":188,"column":2},"end":{"line":190,"column":3}},"53":{"start":{"line":189,"column":4},"end":{"line":189,"column":74}},"54":{"start":{"line":192,"column":2},"end":{"line":195,"column":4}},"55":{"start":{"line":207,"column":2},"end":{"line":215,"column":4}},"56":{"start":{"line":234,"column":15},"end":{"line":234,"column":41}},"57":{"start":{"line":235,"column":2},"end":{"line":237,"column":3}},"58":{"start":{"line":236,"column":4},"end":{"line":236,"column":65}},"59":{"start":{"line":238,"column":2},"end":{"line":240,"column":3}},"60":{"start":{"line":239,"column":4},"end":{"line":239,"column":93}},"61":{"start":{"line":242,"column":22},"end":{"line":242,"column":55}},"62":{"start":{"line":243,"column":2},"end":{"line":245,"column":3}},"63":{"start":{"line":244,"column":4},"end":{"line":244,"column":72}},"64":{"start":{"line":246,"column":2},"end":{"line":251,"column":3}},"65":{"start":{"line":247,"column":4},"end":{"line":250,"column":6}},"66":{"start":{"line":253,"column":22},"end":{"line":253,"column":52}},"67":{"start":{"line":254,"column":2},"end":{"line":256,"column":3}},"68":{"start":{"line":255,"column":4},"end":{"line":255,"column":69}},"69":{"start":{"line":257,"column":19},"end":{"line":257,"column":38}},"70":{"start":{"line":258,"column":2},"end":{"line":260,"column":3}},"71":{"start":{"line":259,"column":4},"end":{"line":259,"column":73}},"72":{"start":{"line":262,"column":23},"end":{"line":262,"column":54}},"73":{"start":{"line":263,"column":2},"end":{"line":265,"column":3}},"74":{"start":{"line":264,"column":4},"end":{"line":264,"column":70}},"75":{"start":{"line":266,"column":20},"end":{"line":266,"column":40}},"76":{"start":{"line":267,"column":2},"end":{"line":269,"column":3}},"77":{"start":{"line":268,"column":4},"end":{"line":268,"column":74}},"78":{"start":{"line":271,"column":2},"end":{"line":271,"column":73}},"79":{"start":{"line":289,"column":2},"end":{"line":291,"column":3}},"80":{"start":{"line":290,"column":4},"end":{"line":290,"column":91}},"81":{"start":{"line":293,"column":2},"end":{"line":298,"column":3}},"82":{"start":{"line":294,"column":4},"end":{"line":297,"column":6}},"83":{"start":{"line":300,"column":2},"end":{"line":300,"column":22}},"84":{"start":{"line":314,"column":2},"end":{"line":347,"column":4}},"85":{"start":{"line":316,"column":24},"end":{"line":316,"column":60}},"86":{"start":{"line":317,"column":24},"end":{"line":317,"column":66}},"87":{"start":{"line":318,"column":25},"end":{"line":318,"column":46}},"88":{"start":{"line":319,"column":22},"end":{"line":319,"column":77}},"89":{"start":{"line":319,"column":39},"end":{"line":319,"column":57}},"90":{"start":{"line":321,"column":6},"end":{"line":343,"column":7}},"91":{"start":{"line":322,"column":21},"end":{"line":322,"column":45}},"92":{"start":{"line":323,"column":25},"end":{"line":335,"column":9}},"93":{"start":{"line":337,"column":8},"end":{"line":340,"column":9}},"94":{"start":{"line":338,"column":26},"end":{"line":338,"column":47}},"95":{"start":{"line":339,"column":10},"end":{"line":339,"column":61}},"96":{"start":{"line":342,"column":8},"end":{"line":342,"column":30}},"97":{"start":{"line":345,"column":6},"end":{"line":345,"column":79}},"98":{"start":{"line":364,"column":2},"end":{"line":384,"column":3}},"99":{"start":{"line":365,"column":21},"end":{"line":370,"column":6}},"100":{"start":{"line":372,"column":4},"end":{"line":378,"column":5}},"101":{"start":{"line":373,"column":19},"end":{"line":373,"column":61}},"102":{"start":{"line":374,"column":6},"end":{"line":376,"column":7}},"103":{"start":{"line":375,"column":8},"end":{"line":375,"column":45}},"104":{"start":{"line":377,"column":6},"end":{"line":377,"column":46}},"105":{"start":{"line":380,"column":17},"end":{"line":380,"column":38}},"106":{"start":{"line":381,"column":4},"end":{"line":381,"column":80}},"107":{"start":{"line":383,"column":4},"end":{"line":383,"column":44}},"108":{"start":{"line":402,"column":16},"end":{"line":402,"column":54}},"109":{"start":{"line":403,"column":2},"end":{"line":403,"column":47}},"110":{"start":{"line":404,"column":2},"end":{"line":404,"column":78}},"111":{"start":{"line":406,"column":19},"end":{"line":411,"column":4}},"112":{"start":{"line":413,"column":2},"end":{"line":415,"column":3}},"113":{"start":{"line":414,"column":4},"end":{"line":414,"column":43}},"114":{"start":{"line":417,"column":15},"end":{"line":421,"column":5}},"115":{"start":{"line":423,"column":2},"end":{"line":425,"column":3}},"116":{"start":{"line":424,"column":4},"end":{"line":424,"column":28}},"117":{"start":{"line":427,"column":2},"end":{"line":432,"column":4}},"118":{"start":{"line":435,"column":30},"end":{"line":435,"column":70}},"119":{"start":{"line":438,"column":29},"end":{"line":438,"column":31}},"120":{"start":{"line":439,"column":2},"end":{"line":441,"column":3}},"121":{"start":{"line":439,"column":19},"end":{"line":439,"column":20}},"122":{"start":{"line":440,"column":4},"end":{"line":440,"column":74}},"123":{"start":{"line":442,"column":2},"end":{"line":442,"column":16}},"124":{"start":{"line":446,"column":2},"end":{"line":456,"column":3}},"125":{"start":{"line":447,"column":21},"end":{"line":447,"column":44}},"126":{"start":{"line":448,"column":4},"end":{"line":450,"column":5}},"127":{"start":{"line":449,"column":6},"end":{"line":449,"column":18}},"128":{"start":{"line":452,"column":16},"end":{"line":452,"column":80}},"129":{"start":{"line":453,"column":4},"end":{"line":453,"column":39}},"130":{"start":{"line":455,"column":4},"end":{"line":455,"column":16}},"131":{"start":{"line":463,"column":19},"end":{"line":465,"column":49}},"132":{"start":{"line":465,"column":36},"end":{"line":465,"column":48}},"133":{"start":{"line":467,"column":2},"end":{"line":469,"column":3}},"134":{"start":{"line":468,"column":4},"end":{"line":468,"column":11}},"135":{"start":{"line":471,"column":19},"end":{"line":479,"column":4}},"136":{"start":{"line":481,"column":2},"end":{"line":483,"column":3}},"137":{"start":{"line":482,"column":4},"end":{"line":482,"column":43}},"138":{"start":{"line":490,"column":4},"end":{"line":490,"column":80}},"139":{"start":{"line":491,"column":2},"end":{"line":493,"column":3}},"140":{"start":{"line":492,"column":4},"end":{"line":492,"column":16}},"141":{"start":{"line":494,"column":16},"end":{"line":494,"column":54}},"142":{"start":{"line":495,"column":2},"end":{"line":495,"column":40}},"143":{"start":{"line":499,"column":16},"end":{"line":499,"column":29}},"144":{"start":{"line":500,"column":2},"end":{"line":500,"column":48}},"145":{"start":{"line":504,"column":2},"end":{"line":504,"column":35}},"146":{"start":{"line":512,"column":2},"end":{"line":514,"column":3}},"147":{"start":{"line":513,"column":4},"end":{"line":513,"column":29}},"148":{"start":{"line":516,"column":22},"end":{"line":535,"column":3}},"149":{"start":{"line":518,"column":20},"end":{"line":518,"column":63}},"150":{"start":{"line":519,"column":6},"end":{"line":519,"column":56}},"151":{"start":{"line":520,"column":6},"end":{"line":520,"column":67}},"152":{"start":{"line":521,"column":6},"end":{"line":521,"column":50}},"153":{"start":{"line":523,"column":23},"end":{"line":528,"column":8}},"154":{"start":{"line":529,"column":6},"end":{"line":531,"column":7}},"155":{"start":{"line":530,"column":8},"end":{"line":530,"column":47}},"156":{"start":{"line":533,"column":6},"end":{"line":533,"column":62}},"157":{"start":{"line":537,"column":2},"end":{"line":537,"column":63}},"158":{"start":{"line":537,"column":49},"end":{"line":537,"column":60}},"159":{"start":{"line":545,"column":2},"end":{"line":547,"column":3}},"160":{"start":{"line":546,"column":4},"end":{"line":546,"column":43}},"161":{"start":{"line":546,"column":29},"end":{"line":546,"column":41}},"162":{"start":{"line":549,"column":2},"end":{"line":559,"column":3}},"163":{"start":{"line":550,"column":21},"end":{"line":554,"column":5}},"164":{"start":{"line":553,"column":24},"end":{"line":553,"column":30}},"165":{"start":{"line":555,"column":4},"end":{"line":555,"column":65}},"166":{"start":{"line":555,"column":29},"end":{"line":555,"column":63}},"167":{"start":{"line":557,"column":4},"end":{"line":557,"column":60}},"168":{"start":{"line":558,"column":4},"end":{"line":558,"column":43}},"169":{"start":{"line":558,"column":29},"end":{"line":558,"column":41}},"170":{"start":{"line":565,"column":14},"end":{"line":565,"column":34}},"171":{"start":{"line":566,"column":20},"end":{"line":566,"column":48}},"172":{"start":{"line":568,"column":17},"end":{"line":568,"column":36}},"173":{"start":{"line":569,"column":2},"end":{"line":574,"column":3}},"174":{"start":{"line":570,"column":4},"end":{"line":573,"column":6}},"175":{"start":{"line":579,"column":2},"end":{"line":581,"column":3}},"176":{"start":{"line":580,"column":4},"end":{"line":580,"column":39}},"177":{"start":{"line":583,"column":21},"end":{"line":583,"column":71}},"178":{"start":{"line":584,"column":2},"end":{"line":586,"column":3}},"179":{"start":{"line":585,"column":4},"end":{"line":585,"column":73}},"180":{"start":{"line":588,"column":2},"end":{"line":623,"column":3}},"181":{"start":{"line":589,"column":18},"end":{"line":589,"column":56}},"182":{"start":{"line":590,"column":4},"end":{"line":590,"column":66}},"183":{"start":{"line":591,"column":4},"end":{"line":591,"column":58}},"184":{"start":{"line":592,"column":4},"end":{"line":592,"column":54}},"185":{"start":{"line":594,"column":21},"end":{"line":599,"column":6}},"186":{"start":{"line":601,"column":4},"end":{"line":604,"column":5}},"187":{"start":{"line":602,"column":22},"end":{"line":602,"column":43}},"188":{"start":{"line":603,"column":6},"end":{"line":603,"column":31}},"189":{"start":{"line":606,"column":17},"end":{"line":606,"column":58}},"190":{"start":{"line":607,"column":32},"end":{"line":607,"column":36}},"191":{"start":{"line":608,"column":24},"end":{"line":608,"column":48}},"192":{"start":{"line":609,"column":4},"end":{"line":614,"column":5}},"193":{"start":{"line":610,"column":19},"end":{"line":610,"column":59}},"194":{"start":{"line":611,"column":6},"end":{"line":613,"column":7}},"195":{"start":{"line":612,"column":8},"end":{"line":612,"column":29}},"196":{"start":{"line":616,"column":4},"end":{"line":616,"column":81}},"197":{"start":{"line":618,"column":4},"end":{"line":618,"column":50}},"198":{"start":{"line":619,"column":4},"end":{"line":622,"column":6}},"199":{"start":{"line":634,"column":22},"end":{"line":634,"column":46}},"200":{"start":{"line":635,"column":2},"end":{"line":640,"column":3}},"201":{"start":{"line":636,"column":4},"end":{"line":639,"column":6}},"202":{"start":{"line":642,"column":15},"end":{"line":642,"column":55}},"203":{"start":{"line":643,"column":2},"end":{"line":649,"column":3}},"204":{"start":{"line":645,"column":6},"end":{"line":647,"column":40}},"205":{"start":{"line":648,"column":4},"end":{"line":648,"column":62}},"206":{"start":{"line":651,"column":2},"end":{"line":676,"column":3}},"207":{"start":{"line":652,"column":18},"end":{"line":652,"column":56}},"208":{"start":{"line":653,"column":4},"end":{"line":653,"column":70}},"209":{"start":{"line":654,"column":4},"end":{"line":654,"column":58}},"210":{"start":{"line":655,"column":4},"end":{"line":655,"column":55}},"211":{"start":{"line":657,"column":21},"end":{"line":662,"column":6}},"212":{"start":{"line":664,"column":4},"end":{"line":666,"column":5}},"213":{"start":{"line":665,"column":6},"end":{"line":665,"column":45}},"214":{"start":{"line":668,"column":17},"end":{"line":668,"column":58}},"215":{"start":{"line":669,"column":4},"end":{"line":669,"column":86}},"216":{"start":{"line":671,"column":4},"end":{"line":671,"column":55}},"217":{"start":{"line":672,"column":4},"end":{"line":675,"column":6}},"218":{"start":{"line":682,"column":22},"end":{"line":682,"column":46}},"219":{"start":{"line":683,"column":2},"end":{"line":688,"column":3}},"220":{"start":{"line":684,"column":4},"end":{"line":687,"column":6}},"221":{"start":{"line":690,"column":17},"end":{"line":690,"column":36}},"222":{"start":{"line":691,"column":2},"end":{"line":696,"column":3}},"223":{"start":{"line":692,"column":4},"end":{"line":695,"column":6}},"224":{"start":{"line":698,"column":15},"end":{"line":698,"column":55}},"225":{"start":{"line":699,"column":2},"end":{"line":705,"column":3}},"226":{"start":{"line":701,"column":6},"end":{"line":703,"column":40}},"227":{"start":{"line":704,"column":4},"end":{"line":704,"column":62}},"228":{"start":{"line":708,"column":2},"end":{"line":718,"column":3}},"229":{"start":{"line":712,"column":4},"end":{"line":712,"column":61}},"230":{"start":{"line":714,"column":4},"end":{"line":717,"column":6}},"231":{"start":{"line":720,"column":25},"end":{"line":726,"column":4}},"232":{"start":{"line":727,"column":2},"end":{"line":729,"column":3}},"233":{"start":{"line":728,"column":4},"end":{"line":728,"column":77}},"234":{"start":{"line":731,"column":16},"end":{"line":731,"column":55}},"235":{"start":{"line":732,"column":2},"end":{"line":737,"column":3}},"236":{"start":{"line":733,"column":4},"end":{"line":736,"column":6}},"237":{"start":{"line":738,"column":2},"end":{"line":743,"column":3}},"238":{"start":{"line":739,"column":28},"end":{"line":739,"column":83}},"239":{"start":{"line":740,"column":4},"end":{"line":742,"column":5}},"240":{"start":{"line":741,"column":6},"end":{"line":741,"column":80}},"241":{"start":{"line":745,"column":2},"end":{"line":762,"column":3}},"242":{"start":{"line":746,"column":22},"end":{"line":746,"column":70}},"243":{"start":{"line":747,"column":23},"end":{"line":751,"column":6}},"244":{"start":{"line":753,"column":4},"end":{"line":755,"column":5}},"245":{"start":{"line":754,"column":6},"end":{"line":754,"column":56}},"246":{"start":{"line":757,"column":4},"end":{"line":757,"column":66}},"247":{"start":{"line":758,"column":4},"end":{"line":761,"column":6}},"248":{"start":{"line":765,"column":2},"end":{"line":773,"column":3}},"249":{"start":{"line":766,"column":4},"end":{"line":766,"column":81}},"250":{"start":{"line":768,"column":4},"end":{"line":768,"column":58}},"251":{"start":{"line":769,"column":4},"end":{"line":772,"column":6}},"252":{"start":{"line":775,"column":2},"end":{"line":809,"column":3}},"253":{"start":{"line":776,"column":19},"end":{"line":776,"column":82}},"254":{"start":{"line":777,"column":22},"end":{"line":777,"column":60}},"255":{"start":{"line":778,"column":4},"end":{"line":778,"column":62}},"256":{"start":{"line":780,"column":21},"end":{"line":789,"column":6}},"257":{"start":{"line":791,"column":4},"end":{"line":794,"column":5}},"258":{"start":{"line":792,"column":22},"end":{"line":792,"column":43}},"259":{"start":{"line":793,"column":6},"end":{"line":793,"column":31}},"260":{"start":{"line":796,"column":17},"end":{"line":796,"column":58}},"261":{"start":{"line":797,"column":20},"end":{"line":797,"column":27}},"262":{"start":{"line":798,"column":4},"end":{"line":800,"column":5}},"263":{"start":{"line":799,"column":6},"end":{"line":799,"column":60}},"264":{"start":{"line":802,"column":4},"end":{"line":802,"column":70}},"265":{"start":{"line":804,"column":4},"end":{"line":804,"column":50}},"266":{"start":{"line":805,"column":4},"end":{"line":808,"column":6}},"267":{"start":{"line":815,"column":22},"end":{"line":815,"column":46}},"268":{"start":{"line":816,"column":2},"end":{"line":821,"column":3}},"269":{"start":{"line":817,"column":4},"end":{"line":820,"column":6}},"270":{"start":{"line":823,"column":17},"end":{"line":823,"column":36}},"271":{"start":{"line":824,"column":2},"end":{"line":829,"column":3}},"272":{"start":{"line":825,"column":4},"end":{"line":828,"column":6}},"273":{"start":{"line":831,"column":23},"end":{"line":831,"column":82}},"274":{"start":{"line":832,"column":2},"end":{"line":834,"column":3}},"275":{"start":{"line":833,"column":4},"end":{"line":833,"column":75}},"276":{"start":{"line":836,"column":15},"end":{"line":836,"column":55}},"277":{"start":{"line":837,"column":2},"end":{"line":843,"column":3}},"278":{"start":{"line":839,"column":6},"end":{"line":841,"column":40}},"279":{"start":{"line":842,"column":4},"end":{"line":842,"column":62}},"280":{"start":{"line":846,"column":2},"end":{"line":853,"column":3}},"281":{"start":{"line":847,"column":4},"end":{"line":847,"column":61}},"282":{"start":{"line":849,"column":4},"end":{"line":852,"column":6}},"283":{"start":{"line":855,"column":25},"end":{"line":860,"column":4}},"284":{"start":{"line":861,"column":2},"end":{"line":863,"column":3}},"285":{"start":{"line":862,"column":4},"end":{"line":862,"column":77}},"286":{"start":{"line":867,"column":2},"end":{"line":875,"column":3}},"287":{"start":{"line":868,"column":4},"end":{"line":868,"column":69}},"288":{"start":{"line":870,"column":4},"end":{"line":870,"column":59}},"289":{"start":{"line":871,"column":4},"end":{"line":874,"column":6}},"290":{"start":{"line":877,"column":2},"end":{"line":879,"column":3}},"291":{"start":{"line":878,"column":4},"end":{"line":878,"column":84}},"292":{"start":{"line":880,"column":2},"end":{"line":885,"column":3}},"293":{"start":{"line":881,"column":4},"end":{"line":884,"column":6}},"294":{"start":{"line":889,"column":16},"end":{"line":889,"column":55}},"295":{"start":{"line":890,"column":2},"end":{"line":895,"column":3}},"296":{"start":{"line":891,"column":4},"end":{"line":894,"column":6}},"297":{"start":{"line":896,"column":2},"end":{"line":901,"column":3}},"298":{"start":{"line":897,"column":28},"end":{"line":897,"column":83}},"299":{"start":{"line":898,"column":4},"end":{"line":900,"column":5}},"300":{"start":{"line":899,"column":6},"end":{"line":899,"column":80}},"301":{"start":{"line":903,"column":2},"end":{"line":923,"column":3}},"302":{"start":{"line":905,"column":6},"end":{"line":907,"column":29}},"303":{"start":{"line":908,"column":23},"end":{"line":912,"column":6}},"304":{"start":{"line":914,"column":4},"end":{"line":916,"column":5}},"305":{"start":{"line":915,"column":6},"end":{"line":915,"column":56}},"306":{"start":{"line":918,"column":4},"end":{"line":918,"column":66}},"307":{"start":{"line":919,"column":4},"end":{"line":922,"column":6}},"308":{"start":{"line":931,"column":6},"end":{"line":936,"column":3}},"309":{"start":{"line":938,"column":2},"end":{"line":948,"column":3}},"310":{"start":{"line":939,"column":4},"end":{"line":947,"column":5}},"311":{"start":{"line":940,"column":6},"end":{"line":940,"column":81}},"312":{"start":{"line":942,"column":6},"end":{"line":942,"column":60}},"313":{"start":{"line":943,"column":6},"end":{"line":946,"column":8}},"314":{"start":{"line":950,"column":2},"end":{"line":991,"column":3}},"315":{"start":{"line":951,"column":22},"end":{"line":951,"column":60}},"316":{"start":{"line":952,"column":4},"end":{"line":952,"column":65}},"317":{"start":{"line":953,"column":4},"end":{"line":953,"column":62}},"318":{"start":{"line":955,"column":21},"end":{"line":964,"column":6}},"319":{"start":{"line":966,"column":4},"end":{"line":968,"column":5}},"320":{"start":{"line":967,"column":6},"end":{"line":967,"column":45}},"321":{"start":{"line":970,"column":17},"end":{"line":970,"column":58}},"322":{"start":{"line":971,"column":20},"end":{"line":971,"column":27}},"323":{"start":{"line":972,"column":4},"end":{"line":974,"column":5}},"324":{"start":{"line":973,"column":6},"end":{"line":973,"column":60}},"325":{"start":{"line":976,"column":4},"end":{"line":982,"column":5}},"326":{"start":{"line":977,"column":6},"end":{"line":981,"column":7}},"327":{"start":{"line":978,"column":8},"end":{"line":978,"column":64}},"328":{"start":{"line":980,"column":8},"end":{"line":980,"column":70}},"329":{"start":{"line":984,"column":4},"end":{"line":984,"column":53}},"330":{"start":{"line":986,"column":4},"end":{"line":986,"column":50}},"331":{"start":{"line":987,"column":4},"end":{"line":990,"column":6}},"332":{"start":{"line":997,"column":22},"end":{"line":997,"column":46}},"333":{"start":{"line":998,"column":2},"end":{"line":1003,"column":3}},"334":{"start":{"line":999,"column":4},"end":{"line":1002,"column":6}},"335":{"start":{"line":1005,"column":17},"end":{"line":1005,"column":36}},"336":{"start":{"line":1006,"column":2},"end":{"line":1011,"column":3}},"337":{"start":{"line":1007,"column":4},"end":{"line":1010,"column":6}},"338":{"start":{"line":1013,"column":23},"end":{"line":1013,"column":82}},"339":{"start":{"line":1014,"column":2},"end":{"line":1016,"column":3}},"340":{"start":{"line":1015,"column":4},"end":{"line":1015,"column":75}},"341":{"start":{"line":1018,"column":15},"end":{"line":1018,"column":55}},"342":{"start":{"line":1019,"column":2},"end":{"line":1025,"column":3}},"343":{"start":{"line":1021,"column":6},"end":{"line":1023,"column":40}},"344":{"start":{"line":1024,"column":4},"end":{"line":1024,"column":62}},"345":{"start":{"line":1029,"column":2},"end":{"line":1037,"column":3}},"346":{"start":{"line":1030,"column":4},"end":{"line":1030,"column":69}},"347":{"start":{"line":1032,"column":4},"end":{"line":1032,"column":59}},"348":{"start":{"line":1033,"column":4},"end":{"line":1036,"column":6}},"349":{"start":{"line":1039,"column":2},"end":{"line":1042,"column":3}},"350":{"start":{"line":1041,"column":4},"end":{"line":1041,"column":44}},"351":{"start":{"line":1043,"column":2},"end":{"line":1048,"column":3}},"352":{"start":{"line":1044,"column":4},"end":{"line":1047,"column":6}},"353":{"start":{"line":1050,"column":2},"end":{"line":1079,"column":3}},"354":{"start":{"line":1051,"column":22},"end":{"line":1051,"column":60}},"355":{"start":{"line":1052,"column":4},"end":{"line":1052,"column":65}},"356":{"start":{"line":1054,"column":21},"end":{"line":1060,"column":6}},"357":{"start":{"line":1062,"column":4},"end":{"line":1064,"column":5}},"358":{"start":{"line":1063,"column":6},"end":{"line":1063,"column":45}},"359":{"start":{"line":1066,"column":4},"end":{"line":1070,"column":5}},"360":{"start":{"line":1067,"column":6},"end":{"line":1067,"column":62}},"361":{"start":{"line":1069,"column":6},"end":{"line":1069,"column":59}},"362":{"start":{"line":1072,"column":4},"end":{"line":1072,"column":44}},"363":{"start":{"line":1074,"column":4},"end":{"line":1074,"column":50}},"364":{"start":{"line":1075,"column":4},"end":{"line":1078,"column":6}}},"fnMap":{"0":{"name":"getSupabaseConfig","decl":{"start":{"line":35,"column":16},"end":{"line":35,"column":33}},"loc":{"start":{"line":35,"column":59},"end":{"line":44,"column":1}},"line":35},"1":{"name":"validateSchoolId","decl":{"start":{"line":51,"column":16},"end":{"line":51,"column":32}},"loc":{"start":{"line":51,"column":81},"end":{"line":61,"column":1}},"line":51},"2":{"name":"validateSpotId","decl":{"start":{"line":67,"column":16},"end":{"line":67,"column":30}},"loc":{"start":{"line":67,"column":79},"end":{"line":77,"column":1}},"line":67},"3":{"name":"mapSpot","decl":{"start":{"line":110,"column":16},"end":{"line":110,"column":23}},"loc":{"start":{"line":110,"column":70},"end":{"line":128,"column":1}},"line":110},"4":{"name":"validatePostBody","decl":{"start":{"line":144,"column":16},"end":{"line":144,"column":32}},"loc":{"start":{"line":146,"column":39},"end":{"line":196,"column":1}},"line":146},"5":{"name":"buildInsertRecord","decl":{"start":{"line":202,"column":16},"end":{"line":202,"column":33}},"loc":{"start":{"line":206,"column":22},"end":{"line":216,"column":1}},"line":206},"6":{"name":"validatePatchBody","decl":{"start":{"line":231,"column":16},"end":{"line":231,"column":33}},"loc":{"start":{"line":233,"column":40},"end":{"line":272,"column":1}},"line":233},"7":{"name":"validateImageFile","decl":{"start":{"line":286,"column":16},"end":{"line":286,"column":33}},"loc":{"start":{"line":288,"column":35},"end":{"line":301,"column":1}},"line":288},"8":{"name":"uploadImages","decl":{"start":{"line":309,"column":22},"end":{"line":309,"column":34}},"loc":{"start":{"line":313,"column":21},"end":{"line":348,"column":1}},"line":313},"9":{"name":"(anonymous_9)","decl":{"start":{"line":315,"column":14},"end":{"line":315,"column":15}},"loc":{"start":{"line":315,"column":30},"end":{"line":346,"column":5}},"line":315},"10":{"name":"(anonymous_10)","decl":{"start":{"line":319,"column":33},"end":{"line":319,"column":34}},"loc":{"start":{"line":319,"column":39},"end":{"line":319,"column":57}},"line":319},"11":{"name":"resolveUserId","decl":{"start":{"line":360,"column":22},"end":{"line":360,"column":35}},"loc":{"start":{"line":363,"column":23},"end":{"line":385,"column":1}},"line":363},"12":{"name":"fetchSpotOwnership","decl":{"start":{"line":398,"column":22},"end":{"line":398,"column":40}},"loc":{"start":{"line":401,"column":26},"end":{"line":433,"column":1}},"line":401},"13":{"name":"chunkIds","decl":{"start":{"line":437,"column":9},"end":{"line":437,"column":17}},"loc":{"start":{"line":437,"column":45},"end":{"line":443,"column":1}},"line":437},"14":{"name":"storageObjectKeyFromUrl","decl":{"start":{"line":445,"column":9},"end":{"line":445,"column":32}},"loc":{"start":{"line":445,"column":63},"end":{"line":457,"column":1}},"line":445},"15":{"name":"deleteStorageObjects","decl":{"start":{"line":459,"column":15},"end":{"line":459,"column":35}},"loc":{"start":{"line":462,"column":17},"end":{"line":484,"column":1}},"line":462},"16":{"name":"(anonymous_16)","decl":{"start":{"line":465,"column":12},"end":{"line":465,"column":13}},"loc":{"start":{"line":465,"column":36},"end":{"line":465,"column":48}},"line":465},"17":{"name":"readBearerToken","decl":{"start":{"line":488,"column":9},"end":{"line":488,"column":24}},"loc":{"start":{"line":488,"column":58},"end":{"line":496,"column":1}},"line":488},"18":{"name":"readTextField","decl":{"start":{"line":498,"column":9},"end":{"line":498,"column":22}},"loc":{"start":{"line":498,"column":60},"end":{"line":501,"column":1}},"line":498},"19":{"name":"isFilePart","decl":{"start":{"line":503,"column":9},"end":{"line":503,"column":19}},"loc":{"start":{"line":503,"column":62},"end":{"line":505,"column":1}},"line":503},"20":{"name":"fetchLikedSpotIds","decl":{"start":{"line":507,"column":15},"end":{"line":507,"column":32}},"loc":{"start":{"line":511,"column":24},"end":{"line":538,"column":1}},"line":511},"21":{"name":"(anonymous_21)","decl":{"start":{"line":517,"column":26},"end":{"line":517,"column":27}},"loc":{"start":{"line":517,"column":43},"end":{"line":534,"column":5}},"line":517},"22":{"name":"(anonymous_22)","decl":{"start":{"line":537,"column":40},"end":{"line":537,"column":41}},"loc":{"start":{"line":537,"column":49},"end":{"line":537,"column":60}},"line":537},"23":{"name":"mapSpotsForUser","decl":{"start":{"line":540,"column":15},"end":{"line":540,"column":30}},"loc":{"start":{"line":544,"column":19},"end":{"line":560,"column":1}},"line":544},"24":{"name":"(anonymous_24)","decl":{"start":{"line":546,"column":20},"end":{"line":546,"column":21}},"loc":{"start":{"line":546,"column":29},"end":{"line":546,"column":41}},"line":546},"25":{"name":"(anonymous_25)","decl":{"start":{"line":553,"column":15},"end":{"line":553,"column":16}},"loc":{"start":{"line":553,"column":24},"end":{"line":553,"column":30}},"line":553},"26":{"name":"(anonymous_26)","decl":{"start":{"line":555,"column":20},"end":{"line":555,"column":21}},"loc":{"start":{"line":555,"column":29},"end":{"line":555,"column":63}},"line":555},"27":{"name":"(anonymous_27)","decl":{"start":{"line":558,"column":20},"end":{"line":558,"column":21}},"loc":{"start":{"line":558,"column":29},"end":{"line":558,"column":41}},"line":558},"28":{"name":"GET","decl":{"start":{"line":564,"column":22},"end":{"line":564,"column":25}},"loc":{"start":{"line":564,"column":63},"end":{"line":624,"column":1}},"line":564},"29":{"name":"getMySpots","decl":{"start":{"line":630,"column":15},"end":{"line":630,"column":25}},"loc":{"start":{"line":633,"column":21},"end":{"line":677,"column":1}},"line":633},"30":{"name":"POST","decl":{"start":{"line":681,"column":22},"end":{"line":681,"column":26}},"loc":{"start":{"line":681,"column":64},"end":{"line":810,"column":1}},"line":681},"31":{"name":"PATCH","decl":{"start":{"line":814,"column":22},"end":{"line":814,"column":27}},"loc":{"start":{"line":814,"column":65},"end":{"line":992,"column":1}},"line":814},"32":{"name":"DELETE","decl":{"start":{"line":996,"column":22},"end":{"line":996,"column":28}},"loc":{"start":{"line":996,"column":66},"end":{"line":1080,"column":1}},"line":996}},"branchMap":{"0":{"loc":{"start":{"line":39,"column":2},"end":{"line":41,"column":3}},"type":"if","locations":[{"start":{"line":39,"column":2},"end":{"line":41,"column":3}},{"start":{},"end":{}}],"line":39},"1":{"loc":{"start":{"line":39,"column":6},"end":{"line":39,"column":21}},"type":"binary-expr","locations":[{"start":{"line":39,"column":6},"end":{"line":39,"column":10}},{"start":{"line":39,"column":14},"end":{"line":39,"column":21}}],"line":39},"2":{"loc":{"start":{"line":52,"column":2},"end":{"line":54,"column":3}},"type":"if","locations":[{"start":{"line":52,"column":2},"end":{"line":54,"column":3}},{"start":{},"end":{}}],"line":52},"3":{"loc":{"start":{"line":52,"column":6},"end":{"line":52,"column":42}},"type":"binary-expr","locations":[{"start":{"line":52,"column":6},"end":{"line":52,"column":20}},{"start":{"line":52,"column":24},"end":{"line":52,"column":42}}],"line":52},"4":{"loc":{"start":{"line":56,"column":2},"end":{"line":58,"column":3}},"type":"if","locations":[{"start":{"line":56,"column":2},"end":{"line":58,"column":3}},{"start":{},"end":{}}],"line":56},"5":{"loc":{"start":{"line":56,"column":6},"end":{"line":56,"column":73}},"type":"binary-expr","locations":[{"start":{"line":56,"column":6},"end":{"line":56,"column":41}},{"start":{"line":56,"column":45},"end":{"line":56,"column":73}}],"line":56},"6":{"loc":{"start":{"line":68,"column":2},"end":{"line":70,"column":3}},"type":"if","locations":[{"start":{"line":68,"column":2},"end":{"line":70,"column":3}},{"start":{},"end":{}}],"line":68},"7":{"loc":{"start":{"line":68,"column":6},"end":{"line":68,"column":42}},"type":"binary-expr","locations":[{"start":{"line":68,"column":6},"end":{"line":68,"column":20}},{"start":{"line":68,"column":24},"end":{"line":68,"column":42}}],"line":68},"8":{"loc":{"start":{"line":72,"column":2},"end":{"line":74,"column":3}},"type":"if","locations":[{"start":{"line":72,"column":2},"end":{"line":74,"column":3}},{"start":{},"end":{}}],"line":72},"9":{"loc":{"start":{"line":72,"column":6},"end":{"line":72,"column":73}},"type":"binary-expr","locations":[{"start":{"line":72,"column":6},"end":{"line":72,"column":41}},{"start":{"line":72,"column":45},"end":{"line":72,"column":73}}],"line":72},"10":{"loc":{"start":{"line":110,"column":43},"end":{"line":110,"column":62}},"type":"default-arg","locations":[{"start":{"line":110,"column":57},"end":{"line":110,"column":62}}],"line":110},"11":{"loc":{"start":{"line":117,"column":15},"end":{"line":117,"column":35}},"type":"binary-expr","locations":[{"start":{"line":117,"column":15},"end":{"line":117,"column":29}},{"start":{"line":117,"column":33},"end":{"line":117,"column":35}}],"line":117},"12":{"loc":{"start":{"line":118,"column":10},"end":{"line":118,"column":33}},"type":"binary-expr","locations":[{"start":{"line":118,"column":10},"end":{"line":118,"column":27}},{"start":{"line":118,"column":31},"end":{"line":118,"column":33}}],"line":118},"13":{"loc":{"start":{"line":119,"column":11},"end":{"line":119,"column":35}},"type":"binary-expr","locations":[{"start":{"line":119,"column":11},"end":{"line":119,"column":29}},{"start":{"line":119,"column":33},"end":{"line":119,"column":35}}],"line":119},"14":{"loc":{"start":{"line":120,"column":16},"end":{"line":120,"column":39}},"type":"binary-expr","locations":[{"start":{"line":120,"column":16},"end":{"line":120,"column":33}},{"start":{"line":120,"column":37},"end":{"line":120,"column":39}}],"line":120},"15":{"loc":{"start":{"line":122,"column":21},"end":{"line":122,"column":50}},"type":"binary-expr","locations":[{"start":{"line":122,"column":21},"end":{"line":122,"column":42}},{"start":{"line":122,"column":46},"end":{"line":122,"column":50}}],"line":122},"16":{"loc":{"start":{"line":123,"column":15},"end":{"line":123,"column":35}},"type":"binary-expr","locations":[{"start":{"line":123,"column":15},"end":{"line":123,"column":29}},{"start":{"line":123,"column":33},"end":{"line":123,"column":35}}],"line":123},"17":{"loc":{"start":{"line":124,"column":15},"end":{"line":124,"column":35}},"type":"binary-expr","locations":[{"start":{"line":124,"column":15},"end":{"line":124,"column":29}},{"start":{"line":124,"column":33},"end":{"line":124,"column":35}}],"line":124},"18":{"loc":{"start":{"line":125,"column":15},"end":{"line":125,"column":35}},"type":"binary-expr","locations":[{"start":{"line":125,"column":15},"end":{"line":125,"column":30}},{"start":{"line":125,"column":34},"end":{"line":125,"column":35}}],"line":125},"19":{"loc":{"start":{"line":147,"column":20},"end":{"line":147,"column":41}},"type":"binary-expr","locations":[{"start":{"line":147,"column":20},"end":{"line":147,"column":35}},{"start":{"line":147,"column":39},"end":{"line":147,"column":41}}],"line":147},"20":{"loc":{"start":{"line":148,"column":2},"end":{"line":150,"column":3}},"type":"if","locations":[{"start":{"line":148,"column":2},"end":{"line":150,"column":3}},{"start":{},"end":{}}],"line":148},"21":{"loc":{"start":{"line":151,"column":2},"end":{"line":153,"column":3}},"type":"if","locations":[{"start":{"line":151,"column":2},"end":{"line":153,"column":3}},{"start":{},"end":{}}],"line":151},"22":{"loc":{"start":{"line":151,"column":6},"end":{"line":151,"column":79}},"type":"binary-expr","locations":[{"start":{"line":151,"column":6},"end":{"line":151,"column":44}},{"start":{"line":151,"column":48},"end":{"line":151,"column":79}}],"line":151},"23":{"loc":{"start":{"line":155,"column":16},"end":{"line":155,"column":33}},"type":"binary-expr","locations":[{"start":{"line":155,"column":16},"end":{"line":155,"column":27}},{"start":{"line":155,"column":31},"end":{"line":155,"column":33}}],"line":155},"24":{"loc":{"start":{"line":156,"column":2},"end":{"line":158,"column":3}},"type":"if","locations":[{"start":{"line":156,"column":2},"end":{"line":158,"column":3}},{"start":{},"end":{}}],"line":156},"25":{"loc":{"start":{"line":159,"column":2},"end":{"line":161,"column":3}},"type":"if","locations":[{"start":{"line":159,"column":2},"end":{"line":161,"column":3}},{"start":{},"end":{}}],"line":159},"26":{"loc":{"start":{"line":163,"column":23},"end":{"line":163,"column":47}},"type":"binary-expr","locations":[{"start":{"line":163,"column":23},"end":{"line":163,"column":41}},{"start":{"line":163,"column":45},"end":{"line":163,"column":47}}],"line":163},"27":{"loc":{"start":{"line":164,"column":2},"end":{"line":166,"column":3}},"type":"if","locations":[{"start":{"line":164,"column":2},"end":{"line":166,"column":3}},{"start":{},"end":{}}],"line":164},"28":{"loc":{"start":{"line":167,"column":2},"end":{"line":172,"column":3}},"type":"if","locations":[{"start":{"line":167,"column":2},"end":{"line":172,"column":3}},{"start":{},"end":{}}],"line":167},"29":{"loc":{"start":{"line":174,"column":23},"end":{"line":174,"column":44}},"type":"binary-expr","locations":[{"start":{"line":174,"column":23},"end":{"line":174,"column":38}},{"start":{"line":174,"column":42},"end":{"line":174,"column":44}}],"line":174},"30":{"loc":{"start":{"line":175,"column":2},"end":{"line":177,"column":3}},"type":"if","locations":[{"start":{"line":175,"column":2},"end":{"line":177,"column":3}},{"start":{},"end":{}}],"line":175},"31":{"loc":{"start":{"line":179,"column":2},"end":{"line":181,"column":3}},"type":"if","locations":[{"start":{"line":179,"column":2},"end":{"line":181,"column":3}},{"start":{},"end":{}}],"line":179},"32":{"loc":{"start":{"line":179,"column":6},"end":{"line":179,"column":67}},"type":"binary-expr","locations":[{"start":{"line":179,"column":6},"end":{"line":179,"column":32}},{"start":{"line":179,"column":36},"end":{"line":179,"column":50}},{"start":{"line":179,"column":54},"end":{"line":179,"column":67}}],"line":179},"33":{"loc":{"start":{"line":183,"column":24},"end":{"line":183,"column":46}},"type":"binary-expr","locations":[{"start":{"line":183,"column":24},"end":{"line":183,"column":40}},{"start":{"line":183,"column":44},"end":{"line":183,"column":46}}],"line":183},"34":{"loc":{"start":{"line":184,"column":2},"end":{"line":186,"column":3}},"type":"if","locations":[{"start":{"line":184,"column":2},"end":{"line":186,"column":3}},{"start":{},"end":{}}],"line":184},"35":{"loc":{"start":{"line":188,"column":2},"end":{"line":190,"column":3}},"type":"if","locations":[{"start":{"line":188,"column":2},"end":{"line":190,"column":3}},{"start":{},"end":{}}],"line":188},"36":{"loc":{"start":{"line":188,"column":6},"end":{"line":188,"column":72}},"type":"binary-expr","locations":[{"start":{"line":188,"column":6},"end":{"line":188,"column":33}},{"start":{"line":188,"column":37},"end":{"line":188,"column":53}},{"start":{"line":188,"column":57},"end":{"line":188,"column":72}}],"line":188},"37":{"loc":{"start":{"line":234,"column":16},"end":{"line":234,"column":33}},"type":"binary-expr","locations":[{"start":{"line":234,"column":16},"end":{"line":234,"column":27}},{"start":{"line":234,"column":31},"end":{"line":234,"column":33}}],"line":234},"38":{"loc":{"start":{"line":235,"column":2},"end":{"line":237,"column":3}},"type":"if","locations":[{"start":{"line":235,"column":2},"end":{"line":237,"column":3}},{"start":{},"end":{}}],"line":235},"39":{"loc":{"start":{"line":238,"column":2},"end":{"line":240,"column":3}},"type":"if","locations":[{"start":{"line":238,"column":2},"end":{"line":240,"column":3}},{"start":{},"end":{}}],"line":238},"40":{"loc":{"start":{"line":242,"column":23},"end":{"line":242,"column":47}},"type":"binary-expr","locations":[{"start":{"line":242,"column":23},"end":{"line":242,"column":41}},{"start":{"line":242,"column":45},"end":{"line":242,"column":47}}],"line":242},"41":{"loc":{"start":{"line":243,"column":2},"end":{"line":245,"column":3}},"type":"if","locations":[{"start":{"line":243,"column":2},"end":{"line":245,"column":3}},{"start":{},"end":{}}],"line":243},"42":{"loc":{"start":{"line":246,"column":2},"end":{"line":251,"column":3}},"type":"if","locations":[{"start":{"line":246,"column":2},"end":{"line":251,"column":3}},{"start":{},"end":{}}],"line":246},"43":{"loc":{"start":{"line":253,"column":23},"end":{"line":253,"column":44}},"type":"binary-expr","locations":[{"start":{"line":253,"column":23},"end":{"line":253,"column":38}},{"start":{"line":253,"column":42},"end":{"line":253,"column":44}}],"line":253},"44":{"loc":{"start":{"line":254,"column":2},"end":{"line":256,"column":3}},"type":"if","locations":[{"start":{"line":254,"column":2},"end":{"line":256,"column":3}},{"start":{},"end":{}}],"line":254},"45":{"loc":{"start":{"line":258,"column":2},"end":{"line":260,"column":3}},"type":"if","locations":[{"start":{"line":258,"column":2},"end":{"line":260,"column":3}},{"start":{},"end":{}}],"line":258},"46":{"loc":{"start":{"line":258,"column":6},"end":{"line":258,"column":67}},"type":"binary-expr","locations":[{"start":{"line":258,"column":6},"end":{"line":258,"column":32}},{"start":{"line":258,"column":36},"end":{"line":258,"column":50}},{"start":{"line":258,"column":54},"end":{"line":258,"column":67}}],"line":258},"47":{"loc":{"start":{"line":262,"column":24},"end":{"line":262,"column":46}},"type":"binary-expr","locations":[{"start":{"line":262,"column":24},"end":{"line":262,"column":40}},{"start":{"line":262,"column":44},"end":{"line":262,"column":46}}],"line":262},"48":{"loc":{"start":{"line":263,"column":2},"end":{"line":265,"column":3}},"type":"if","locations":[{"start":{"line":263,"column":2},"end":{"line":265,"column":3}},{"start":{},"end":{}}],"line":263},"49":{"loc":{"start":{"line":267,"column":2},"end":{"line":269,"column":3}},"type":"if","locations":[{"start":{"line":267,"column":2},"end":{"line":269,"column":3}},{"start":{},"end":{}}],"line":267},"50":{"loc":{"start":{"line":267,"column":6},"end":{"line":267,"column":72}},"type":"binary-expr","locations":[{"start":{"line":267,"column":6},"end":{"line":267,"column":33}},{"start":{"line":267,"column":37},"end":{"line":267,"column":53}},{"start":{"line":267,"column":57},"end":{"line":267,"column":72}}],"line":267},"51":{"loc":{"start":{"line":289,"column":2},"end":{"line":291,"column":3}},"type":"if","locations":[{"start":{"line":289,"column":2},"end":{"line":291,"column":3}},{"start":{},"end":{}}],"line":289},"52":{"loc":{"start":{"line":293,"column":2},"end":{"line":298,"column":3}},"type":"if","locations":[{"start":{"line":293,"column":2},"end":{"line":298,"column":3}},{"start":{},"end":{}}],"line":293},"53":{"loc":{"start":{"line":316,"column":24},"end":{"line":316,"column":60}},"type":"binary-expr","locations":[{"start":{"line":316,"column":24},"end":{"line":316,"column":51}},{"start":{"line":316,"column":55},"end":{"line":316,"column":60}}],"line":316},"54":{"loc":{"start":{"line":337,"column":8},"end":{"line":340,"column":9}},"type":"if","locations":[{"start":{"line":337,"column":8},"end":{"line":340,"column":9}},{"start":{},"end":{}}],"line":337},"55":{"loc":{"start":{"line":372,"column":4},"end":{"line":378,"column":5}},"type":"if","locations":[{"start":{"line":372,"column":4},"end":{"line":378,"column":5}},{"start":{},"end":{}}],"line":372},"56":{"loc":{"start":{"line":374,"column":6},"end":{"line":376,"column":7}},"type":"if","locations":[{"start":{"line":374,"column":6},"end":{"line":376,"column":7}},{"start":{},"end":{}}],"line":374},"57":{"loc":{"start":{"line":374,"column":10},"end":{"line":374,"column":59}},"type":"binary-expr","locations":[{"start":{"line":374,"column":10},"end":{"line":374,"column":37}},{"start":{"line":374,"column":41},"end":{"line":374,"column":59}}],"line":374},"58":{"loc":{"start":{"line":381,"column":32},"end":{"line":381,"column":77}},"type":"cond-expr","locations":[{"start":{"line":381,"column":56},"end":{"line":381,"column":65}},{"start":{"line":381,"column":68},"end":{"line":381,"column":77}}],"line":381},"59":{"loc":{"start":{"line":413,"column":2},"end":{"line":415,"column":3}},"type":"if","locations":[{"start":{"line":413,"column":2},"end":{"line":415,"column":3}},{"start":{},"end":{}}],"line":413},"60":{"loc":{"start":{"line":423,"column":2},"end":{"line":425,"column":3}},"type":"if","locations":[{"start":{"line":423,"column":2},"end":{"line":425,"column":3}},{"start":{},"end":{}}],"line":423},"61":{"loc":{"start":{"line":431,"column":15},"end":{"line":431,"column":74}},"type":"cond-expr","locations":[{"start":{"line":431,"column":51},"end":{"line":431,"column":69}},{"start":{"line":431,"column":72},"end":{"line":431,"column":74}}],"line":431},"62":{"loc":{"start":{"line":448,"column":4},"end":{"line":450,"column":5}},"type":"if","locations":[{"start":{"line":448,"column":4},"end":{"line":450,"column":5}},{"start":{},"end":{}}],"line":448},"63":{"loc":{"start":{"line":453,"column":11},"end":{"line":453,"column":38}},"type":"cond-expr","locations":[{"start":{"line":453,"column":28},"end":{"line":453,"column":31}},{"start":{"line":453,"column":34},"end":{"line":453,"column":38}}],"line":453},"64":{"loc":{"start":{"line":467,"column":2},"end":{"line":469,"column":3}},"type":"if","locations":[{"start":{"line":467,"column":2},"end":{"line":469,"column":3}},{"start":{},"end":{}}],"line":467},"65":{"loc":{"start":{"line":481,"column":2},"end":{"line":483,"column":3}},"type":"if","locations":[{"start":{"line":481,"column":2},"end":{"line":483,"column":3}},{"start":{},"end":{}}],"line":481},"66":{"loc":{"start":{"line":490,"column":4},"end":{"line":490,"column":80}},"type":"binary-expr","locations":[{"start":{"line":490,"column":4},"end":{"line":490,"column":40}},{"start":{"line":490,"column":44},"end":{"line":490,"column":80}}],"line":490},"67":{"loc":{"start":{"line":491,"column":2},"end":{"line":493,"column":3}},"type":"if","locations":[{"start":{"line":491,"column":2},"end":{"line":493,"column":3}},{"start":{},"end":{}}],"line":491},"68":{"loc":{"start":{"line":495,"column":9},"end":{"line":495,"column":39}},"type":"cond-expr","locations":[{"start":{"line":495,"column":17},"end":{"line":495,"column":32}},{"start":{"line":495,"column":35},"end":{"line":495,"column":39}}],"line":495},"69":{"loc":{"start":{"line":500,"column":9},"end":{"line":500,"column":47}},"type":"cond-expr","locations":[{"start":{"line":500,"column":37},"end":{"line":500,"column":42}},{"start":{"line":500,"column":45},"end":{"line":500,"column":47}}],"line":500},"70":{"loc":{"start":{"line":512,"column":2},"end":{"line":514,"column":3}},"type":"if","locations":[{"start":{"line":512,"column":2},"end":{"line":514,"column":3}},{"start":{},"end":{}}],"line":512},"71":{"loc":{"start":{"line":529,"column":6},"end":{"line":531,"column":7}},"type":"if","locations":[{"start":{"line":529,"column":6},"end":{"line":531,"column":7}},{"start":{},"end":{}}],"line":529},"72":{"loc":{"start":{"line":545,"column":2},"end":{"line":547,"column":3}},"type":"if","locations":[{"start":{"line":545,"column":2},"end":{"line":547,"column":3}},{"start":{},"end":{}}],"line":545},"73":{"loc":{"start":{"line":569,"column":2},"end":{"line":574,"column":3}},"type":"if","locations":[{"start":{"line":569,"column":2},"end":{"line":574,"column":3}},{"start":{},"end":{}}],"line":569},"74":{"loc":{"start":{"line":579,"column":2},"end":{"line":581,"column":3}},"type":"if","locations":[{"start":{"line":579,"column":2},"end":{"line":581,"column":3}},{"start":{},"end":{}}],"line":579},"75":{"loc":{"start":{"line":579,"column":6},"end":{"line":579,"column":47}},"type":"binary-expr","locations":[{"start":{"line":579,"column":6},"end":{"line":579,"column":23}},{"start":{"line":579,"column":27},"end":{"line":579,"column":47}}],"line":579},"76":{"loc":{"start":{"line":584,"column":2},"end":{"line":586,"column":3}},"type":"if","locations":[{"start":{"line":584,"column":2},"end":{"line":586,"column":3}},{"start":{},"end":{}}],"line":584},"77":{"loc":{"start":{"line":601,"column":4},"end":{"line":604,"column":5}},"type":"if","locations":[{"start":{"line":601,"column":4},"end":{"line":604,"column":5}},{"start":{},"end":{}}],"line":601},"78":{"loc":{"start":{"line":609,"column":4},"end":{"line":614,"column":5}},"type":"if","locations":[{"start":{"line":609,"column":4},"end":{"line":614,"column":5}},{"start":{},"end":{}}],"line":609},"79":{"loc":{"start":{"line":611,"column":6},"end":{"line":613,"column":7}},"type":"if","locations":[{"start":{"line":611,"column":6},"end":{"line":613,"column":7}},{"start":{},"end":{}}],"line":611},"80":{"loc":{"start":{"line":635,"column":2},"end":{"line":640,"column":3}},"type":"if","locations":[{"start":{"line":635,"column":2},"end":{"line":640,"column":3}},{"start":{},"end":{}}],"line":635},"81":{"loc":{"start":{"line":643,"column":2},"end":{"line":649,"column":3}},"type":"if","locations":[{"start":{"line":643,"column":2},"end":{"line":649,"column":3}},{"start":{},"end":{}}],"line":643},"82":{"loc":{"start":{"line":645,"column":6},"end":{"line":647,"column":40}},"type":"cond-expr","locations":[{"start":{"line":646,"column":10},"end":{"line":646,"column":40}},{"start":{"line":647,"column":10},"end":{"line":647,"column":40}}],"line":645},"83":{"loc":{"start":{"line":664,"column":4},"end":{"line":666,"column":5}},"type":"if","locations":[{"start":{"line":664,"column":4},"end":{"line":666,"column":5}},{"start":{},"end":{}}],"line":664},"84":{"loc":{"start":{"line":683,"column":2},"end":{"line":688,"column":3}},"type":"if","locations":[{"start":{"line":683,"column":2},"end":{"line":688,"column":3}},{"start":{},"end":{}}],"line":683},"85":{"loc":{"start":{"line":691,"column":2},"end":{"line":696,"column":3}},"type":"if","locations":[{"start":{"line":691,"column":2},"end":{"line":696,"column":3}},{"start":{},"end":{}}],"line":691},"86":{"loc":{"start":{"line":699,"column":2},"end":{"line":705,"column":3}},"type":"if","locations":[{"start":{"line":699,"column":2},"end":{"line":705,"column":3}},{"start":{},"end":{}}],"line":699},"87":{"loc":{"start":{"line":701,"column":6},"end":{"line":703,"column":40}},"type":"cond-expr","locations":[{"start":{"line":702,"column":10},"end":{"line":702,"column":40}},{"start":{"line":703,"column":10},"end":{"line":703,"column":40}}],"line":701},"88":{"loc":{"start":{"line":727,"column":2},"end":{"line":729,"column":3}},"type":"if","locations":[{"start":{"line":727,"column":2},"end":{"line":729,"column":3}},{"start":{},"end":{}}],"line":727},"89":{"loc":{"start":{"line":732,"column":2},"end":{"line":737,"column":3}},"type":"if","locations":[{"start":{"line":732,"column":2},"end":{"line":737,"column":3}},{"start":{},"end":{}}],"line":732},"90":{"loc":{"start":{"line":740,"column":4},"end":{"line":742,"column":5}},"type":"if","locations":[{"start":{"line":740,"column":4},"end":{"line":742,"column":5}},{"start":{},"end":{}}],"line":740},"91":{"loc":{"start":{"line":753,"column":4},"end":{"line":755,"column":5}},"type":"if","locations":[{"start":{"line":753,"column":4},"end":{"line":755,"column":5}},{"start":{},"end":{}}],"line":753},"92":{"loc":{"start":{"line":791,"column":4},"end":{"line":794,"column":5}},"type":"if","locations":[{"start":{"line":791,"column":4},"end":{"line":794,"column":5}},{"start":{},"end":{}}],"line":791},"93":{"loc":{"start":{"line":798,"column":4},"end":{"line":800,"column":5}},"type":"if","locations":[{"start":{"line":798,"column":4},"end":{"line":800,"column":5}},{"start":{},"end":{}}],"line":798},"94":{"loc":{"start":{"line":816,"column":2},"end":{"line":821,"column":3}},"type":"if","locations":[{"start":{"line":816,"column":2},"end":{"line":821,"column":3}},{"start":{},"end":{}}],"line":816},"95":{"loc":{"start":{"line":824,"column":2},"end":{"line":829,"column":3}},"type":"if","locations":[{"start":{"line":824,"column":2},"end":{"line":829,"column":3}},{"start":{},"end":{}}],"line":824},"96":{"loc":{"start":{"line":832,"column":2},"end":{"line":834,"column":3}},"type":"if","locations":[{"start":{"line":832,"column":2},"end":{"line":834,"column":3}},{"start":{},"end":{}}],"line":832},"97":{"loc":{"start":{"line":837,"column":2},"end":{"line":843,"column":3}},"type":"if","locations":[{"start":{"line":837,"column":2},"end":{"line":843,"column":3}},{"start":{},"end":{}}],"line":837},"98":{"loc":{"start":{"line":839,"column":6},"end":{"line":841,"column":40}},"type":"cond-expr","locations":[{"start":{"line":840,"column":10},"end":{"line":840,"column":40}},{"start":{"line":841,"column":10},"end":{"line":841,"column":40}}],"line":839},"99":{"loc":{"start":{"line":861,"column":2},"end":{"line":863,"column":3}},"type":"if","locations":[{"start":{"line":861,"column":2},"end":{"line":863,"column":3}},{"start":{},"end":{}}],"line":861},"100":{"loc":{"start":{"line":877,"column":2},"end":{"line":879,"column":3}},"type":"if","locations":[{"start":{"line":877,"column":2},"end":{"line":879,"column":3}},{"start":{},"end":{}}],"line":877},"101":{"loc":{"start":{"line":880,"column":2},"end":{"line":885,"column":3}},"type":"if","locations":[{"start":{"line":880,"column":2},"end":{"line":885,"column":3}},{"start":{},"end":{}}],"line":880},"102":{"loc":{"start":{"line":890,"column":2},"end":{"line":895,"column":3}},"type":"if","locations":[{"start":{"line":890,"column":2},"end":{"line":895,"column":3}},{"start":{},"end":{}}],"line":890},"103":{"loc":{"start":{"line":898,"column":4},"end":{"line":900,"column":5}},"type":"if","locations":[{"start":{"line":898,"column":4},"end":{"line":900,"column":5}},{"start":{},"end":{}}],"line":898},"104":{"loc":{"start":{"line":905,"column":6},"end":{"line":907,"column":29}},"type":"cond-expr","locations":[{"start":{"line":906,"column":10},"end":{"line":906,"column":58}},{"start":{"line":907,"column":10},"end":{"line":907,"column":29}}],"line":905},"105":{"loc":{"start":{"line":914,"column":4},"end":{"line":916,"column":5}},"type":"if","locations":[{"start":{"line":914,"column":4},"end":{"line":916,"column":5}},{"start":{},"end":{}}],"line":914},"106":{"loc":{"start":{"line":938,"column":2},"end":{"line":948,"column":3}},"type":"if","locations":[{"start":{"line":938,"column":2},"end":{"line":948,"column":3}},{"start":{},"end":{}}],"line":938},"107":{"loc":{"start":{"line":966,"column":4},"end":{"line":968,"column":5}},"type":"if","locations":[{"start":{"line":966,"column":4},"end":{"line":968,"column":5}},{"start":{},"end":{}}],"line":966},"108":{"loc":{"start":{"line":972,"column":4},"end":{"line":974,"column":5}},"type":"if","locations":[{"start":{"line":972,"column":4},"end":{"line":974,"column":5}},{"start":{},"end":{}}],"line":972},"109":{"loc":{"start":{"line":976,"column":4},"end":{"line":982,"column":5}},"type":"if","locations":[{"start":{"line":976,"column":4},"end":{"line":982,"column":5}},{"start":{},"end":{}}],"line":976},"110":{"loc":{"start":{"line":998,"column":2},"end":{"line":1003,"column":3}},"type":"if","locations":[{"start":{"line":998,"column":2},"end":{"line":1003,"column":3}},{"start":{},"end":{}}],"line":998},"111":{"loc":{"start":{"line":1006,"column":2},"end":{"line":1011,"column":3}},"type":"if","locations":[{"start":{"line":1006,"column":2},"end":{"line":1011,"column":3}},{"start":{},"end":{}}],"line":1006},"112":{"loc":{"start":{"line":1014,"column":2},"end":{"line":1016,"column":3}},"type":"if","locations":[{"start":{"line":1014,"column":2},"end":{"line":1016,"column":3}},{"start":{},"end":{}}],"line":1014},"113":{"loc":{"start":{"line":1019,"column":2},"end":{"line":1025,"column":3}},"type":"if","locations":[{"start":{"line":1019,"column":2},"end":{"line":1025,"column":3}},{"start":{},"end":{}}],"line":1019},"114":{"loc":{"start":{"line":1021,"column":6},"end":{"line":1023,"column":40}},"type":"cond-expr","locations":[{"start":{"line":1022,"column":10},"end":{"line":1022,"column":40}},{"start":{"line":1023,"column":10},"end":{"line":1023,"column":40}}],"line":1021},"115":{"loc":{"start":{"line":1039,"column":2},"end":{"line":1042,"column":3}},"type":"if","locations":[{"start":{"line":1039,"column":2},"end":{"line":1042,"column":3}},{"start":{},"end":{}}],"line":1039},"116":{"loc":{"start":{"line":1043,"column":2},"end":{"line":1048,"column":3}},"type":"if","locations":[{"start":{"line":1043,"column":2},"end":{"line":1048,"column":3}},{"start":{},"end":{}}],"line":1043},"117":{"loc":{"start":{"line":1062,"column":4},"end":{"line":1064,"column":5}},"type":"if","locations":[{"start":{"line":1062,"column":4},"end":{"line":1064,"column":5}},{"start":{},"end":{}}],"line":1062}},"s":{"0":1,"1":1,"2":1,"3":1,"4":1,"5":1,"6":1,"7":1,"8":1,"9":1,"10":1,"11":26,"12":26,"13":26,"14":1,"15":25,"16":108,"17":14,"18":94,"19":71,"20":23,"21":111,"22":12,"23":99,"24":70,"25":29,"26":107,"27":105,"28":105,"29":13,"30":92,"31":62,"32":30,"33":30,"34":2,"35":28,"36":0,"37":28,"38":28,"39":4,"40":24,"41":0,"42":24,"43":24,"44":2,"45":22,"46":22,"47":9,"48":13,"49":13,"50":1,"51":12,"52":12,"53":6,"54":6,"55":104,"56":105,"57":105,"58":13,"59":92,"60":0,"61":92,"62":92,"63":11,"64":81,"65":0,"66":81,"67":81,"68":5,"69":76,"70":76,"71":55,"72":21,"73":21,"74":2,"75":19,"76":19,"77":8,"78":11,"79":100,"80":48,"81":52,"82":28,"83":24,"84":105,"85":537,"86":537,"87":537,"88":537,"89":0,"90":537,"91":537,"92":537,"93":537,"94":1,"95":1,"96":537,"97":536,"98":18,"99":18,"100":18,"101":14,"102":14,"103":14,"104":0,"105":4,"106":4,"107":0,"108":6,"109":6,"110":6,"111":6,"112":6,"113":0,"114":6,"115":6,"116":2,"117":4,"118":1,"119":1,"120":1,"121":1,"122":1,"123":1,"124":0,"125":0,"126":0,"127":0,"128":0,"129":0,"130":0,"131":1,"132":0,"133":1,"134":1,"135":0,"136":0,"137":0,"138":26,"139":26,"140":7,"141":19,"142":19,"143":41,"144":41,"145":0,"146":1,"147":0,"148":1,"149":1,"150":1,"151":1,"152":1,"153":1,"154":1,"155":0,"156":1,"157":1,"158":1,"159":3,"160":2,"161":1,"162":1,"163":1,"164":1,"165":1,"166":1,"167":0,"168":0,"169":0,"170":9,"171":9,"172":9,"173":9,"174":1,"175":8,"176":3,"177":5,"178":5,"179":2,"180":3,"181":3,"182":3,"183":3,"184":3,"185":3,"186":3,"187":1,"188":1,"189":2,"190":2,"191":2,"192":2,"193":0,"194":0,"195":0,"196":2,"197":1,"198":1,"199":3,"200":3,"201":1,"202":2,"203":2,"204":1,"205":1,"206":1,"207":1,"208":1,"209":1,"210":1,"211":1,"212":1,"213":0,"214":1,"215":1,"216":0,"217":0,"218":11,"219":11,"220":2,"221":9,"222":9,"223":0,"224":9,"225":9,"226":3,"227":3,"228":6,"229":6,"230":1,"231":5,"232":5,"233":1,"234":4,"235":4,"236":0,"237":4,"238":0,"239":0,"240":0,"241":4,"242":4,"243":4,"244":4,"245":0,"246":0,"247":0,"248":4,"249":4,"250":0,"251":0,"252":4,"253":4,"254":4,"255":4,"256":4,"257":4,"258":2,"259":2,"260":2,"261":2,"262":2,"263":0,"264":2,"265":2,"266":2,"267":6,"268":6,"269":1,"270":5,"271":5,"272":0,"273":5,"274":5,"275":1,"276":4,"277":4,"278":0,"279":0,"280":4,"281":4,"282":0,"283":4,"284":4,"285":1,"286":3,"287":3,"288":0,"289":0,"290":3,"291":1,"292":2,"293":1,"294":1,"295":1,"296":0,"297":1,"298":0,"299":0,"300":0,"301":1,"302":1,"303":1,"304":1,"305":0,"306":0,"307":0,"308":1,"309":1,"310":0,"311":0,"312":0,"313":0,"314":1,"315":1,"316":1,"317":1,"318":1,"319":1,"320":0,"321":1,"322":1,"323":1,"324":0,"325":1,"326":0,"327":0,"328":0,"329":1,"330":0,"331":0,"332":4,"333":4,"334":1,"335":3,"336":3,"337":0,"338":3,"339":3,"340":0,"341":3,"342":3,"343":0,"344":0,"345":3,"346":3,"347":0,"348":0,"349":3,"350":1,"351":2,"352":1,"353":1,"354":1,"355":1,"356":1,"357":1,"358":0,"359":1,"360":1,"361":0,"362":1,"363":0,"364":0},"f":{"0":26,"1":108,"2":111,"3":107,"4":105,"5":104,"6":105,"7":100,"8":105,"9":537,"10":0,"11":18,"12":6,"13":1,"14":0,"15":1,"16":0,"17":26,"18":41,"19":0,"20":1,"21":1,"22":1,"23":3,"24":1,"25":1,"26":1,"27":0,"28":9,"29":3,"30":11,"31":6,"32":4},"b":{"0":[1,25],"1":[26,25],"2":[14,94],"3":[108,106],"4":[71,23],"5":[94,93],"6":[12,99],"7":[111,109],"8":[70,29],"9":[99,98],"10":[106],"11":[107,0],"12":[107,24],"13":[107,24],"14":[107,25],"15":[107,32],"16":[107,2],"17":[107,2],"18":[107,106],"19":[105,0],"20":[13,92],"21":[62,30],"22":[92,92],"23":[30,0],"24":[2,28],"25":[0,28],"26":[28,0],"27":[4,24],"28":[0,24],"29":[24,0],"30":[2,22],"31":[9,13],"32":[22,18,15],"33":[13,0],"34":[1,12],"35":[6,6],"36":[12,8,8],"37":[105,0],"38":[13,92],"39":[0,92],"40":[92,0],"41":[11,81],"42":[0,81],"43":[81,0],"44":[5,76],"45":[55,21],"46":[76,41,26],"47":[21,0],"48":[2,19],"49":[8,11],"50":[19,13,13],"51":[48,52],"52":[28,24],"53":[537,0],"54":[1,536],"55":[14,4],"56":[14,0],"57":[14,14],"58":[1,3],"59":[0,6],"60":[2,4],"61":[0,4],"62":[0,0],"63":[0,0],"64":[1,0],"65":[0,0],"66":[26,7],"67":[7,19],"68":[19,0],"69":[41,0],"70":[0,1],"71":[0,1],"72":[2,1],"73":[1,8],"74":[3,5],"75":[8,5],"76":[2,3],"77":[1,2],"78":[0,2],"79":[0,0],"80":[1,2],"81":[1,1],"82":[0,1],"83":[0,1],"84":[2,9],"85":[0,9],"86":[3,6],"87":[1,2],"88":[1,4],"89":[0,4],"90":[0,0],"91":[0,4],"92":[2,2],"93":[0,2],"94":[1,5],"95":[0,5],"96":[1,4],"97":[0,4],"98":[0,0],"99":[1,3],"100":[1,2],"101":[1,1],"102":[0,1],"103":[0,0],"104":[0,1],"105":[0,1],"106":[0,1],"107":[0,1],"108":[0,1],"109":[0,1],"110":[1,3],"111":[0,3],"112":[0,3],"113":[0,3],"114":[0,0],"115":[1,2],"116":[1,1],"117":[0,1]},"_coverageSchema":"1a1c01bbd47fc00a2c39e90264f33305004495a9","hash":"4c09c9cd9584710a95d8b4cc4e1f56a4f2257076"}
,"C:\\Projects\\SkateU-app\\src\\lib\\addSpotForm.ts": {"path":"C:\\Projects\\SkateU-app\\src\\lib\\addSpotForm.ts","statementMap":{"0":{"start":{"line":8,"column":29},"end":{"line":8,"column":30}},"1":{"start":{"line":9,"column":29},"end":{"line":9,"column":32}},"2":{"start":{"line":10,"column":36},"end":{"line":10,"column":37}},"3":{"start":{"line":11,"column":36},"end":{"line":11,"column":40}},"4":{"start":{"line":18,"column":19},"end":{"line":18,"column":70}},"5":{"start":{"line":20,"column":21},"end":{"line":20,"column":39}},"6":{"start":{"line":21,"column":28},"end":{"line":21,"column":53}},"7":{"start":{"line":23,"column":2},"end":{"line":29,"column":4}}},"fnMap":{"0":{"name":"isAddSpotFormValid","decl":{"start":{"line":13,"column":16},"end":{"line":13,"column":34}},"loc":{"start":{"line":17,"column":11},"end":{"line":30,"column":1}},"line":17}},"branchMap":{"0":{"loc":{"start":{"line":18,"column":19},"end":{"line":18,"column":70}},"type":"binary-expr","locations":[{"start":{"line":18,"column":19},"end":{"line":18,"column":47}},{"start":{"line":18,"column":51},"end":{"line":18,"column":70}}],"line":18},"1":{"loc":{"start":{"line":24,"column":4},"end":{"line":28,"column":45}},"type":"binary-expr","locations":[{"start":{"line":24,"column":4},"end":{"line":24,"column":12}},{"start":{"line":25,"column":4},"end":{"line":25,"column":31}},{"start":{"line":26,"column":4},"end":{"line":26,"column":31}},{"start":{"line":27,"column":4},"end":{"line":27,"column":45}},{"start":{"line":28,"column":4},"end":{"line":28,"column":45}}],"line":24}},"s":{"0":1,"1":1,"2":1,"3":1,"4":208,"5":208,"6":208,"7":208},"f":{"0":208},"b":{"0":[208,153],"1":[208,100,78,62,54]},"_coverageSchema":"1a1c01bbd47fc00a2c39e90264f33305004495a9","hash":"53f57848080b31ae4f245a278ee2c41cc81f9c30"}
,"C:\\Projects\\SkateU-app\\src\\lib\\api.ts": {"path":"C:\\Projects\\SkateU-app\\src\\lib\\api.ts","statementMap":{"0":{"start":{"line":5,"column":2},"end":{"line":5,"column":35}},"1":{"start":{"line":11,"column":24},"end":{"line":11,"column":55}},"2":{"start":{"line":13,"column":2},"end":{"line":21,"column":3}},"3":{"start":{"line":14,"column":4},"end":{"line":18,"column":5}},"4":{"start":{"line":15,"column":6},"end":{"line":17,"column":8}},"5":{"start":{"line":20,"column":4},"end":{"line":20,"column":56}},"6":{"start":{"line":23,"column":2},"end":{"line":25,"column":3}},"7":{"start":{"line":24,"column":4},"end":{"line":24,"column":16}},"8":{"start":{"line":27,"column":18},"end":{"line":27,"column":47}},"9":{"start":{"line":29,"column":2},"end":{"line":31,"column":3}},"10":{"start":{"line":30,"column":4},"end":{"line":30,"column":38}},"11":{"start":{"line":33,"column":2},"end":{"line":35,"column":4}}},"fnMap":{"0":{"name":"isAbsoluteUrl","decl":{"start":{"line":4,"column":9},"end":{"line":4,"column":22}},"loc":{"start":{"line":4,"column":36},"end":{"line":6,"column":1}},"line":4},"1":{"name":"getApiUrl","decl":{"start":{"line":10,"column":16},"end":{"line":10,"column":25}},"loc":{"start":{"line":10,"column":40},"end":{"line":36,"column":1}},"line":10}},"branchMap":{"0":{"loc":{"start":{"line":13,"column":2},"end":{"line":21,"column":3}},"type":"if","locations":[{"start":{"line":13,"column":2},"end":{"line":21,"column":3}},{"start":{},"end":{}}],"line":13},"1":{"loc":{"start":{"line":14,"column":4},"end":{"line":18,"column":5}},"type":"if","locations":[{"start":{"line":14,"column":4},"end":{"line":18,"column":5}},{"start":{},"end":{}}],"line":14},"2":{"loc":{"start":{"line":14,"column":8},"end":{"line":14,"column":62}},"type":"binary-expr","locations":[{"start":{"line":14,"column":8},"end":{"line":14,"column":29}},{"start":{"line":14,"column":33},"end":{"line":14,"column":62}}],"line":14},"3":{"loc":{"start":{"line":23,"column":2},"end":{"line":25,"column":3}},"type":"if","locations":[{"start":{"line":23,"column":2},"end":{"line":25,"column":3}},{"start":{},"end":{}}],"line":23},"4":{"loc":{"start":{"line":29,"column":2},"end":{"line":31,"column":3}},"type":"if","locations":[{"start":{"line":29,"column":2},"end":{"line":31,"column":3}},{"start":{},"end":{}}],"line":29}},"s":{"0":122,"1":123,"2":123,"3":122,"4":0,"5":122,"6":1,"7":1,"8":0,"9":0,"10":0,"11":0},"f":{"0":122,"1":123},"b":{"0":[122,1],"1":[0,122],"2":[122,122],"3":[1,0],"4":[0,0]},"_coverageSchema":"1a1c01bbd47fc00a2c39e90264f33305004495a9","hash":"d5a67ebd8ef8f046ea7cc806c8e3e50666c50833"}
,"C:\\Projects\\SkateU-app\\src\\lib\\spotModeration.ts": {"path":"C:\\Projects\\SkateU-app\\src\\lib\\spotModeration.ts","statementMap":{"0":{"start":{"line":1,"column":19},"end":{"line":1,"column":63}},"1":{"start":{"line":2,"column":14},"end":{"line":2,"column":27}},"2":{"start":{"line":3,"column":30},"end":{"line":3,"column":35}},"3":{"start":{"line":5,"column":22},"end":{"line":15,"column":474}},"4":{"start":{"line":35,"column":2},"end":{"line":35,"column":54}},"5":{"start":{"line":41,"column":2},"end":{"line":45,"column":3}},"6":{"start":{"line":42,"column":4},"end":{"line":42,"column":33}},"7":{"start":{"line":44,"column":4},"end":{"line":44,"column":30}},"8":{"start":{"line":47,"column":2},"end":{"line":49,"column":3}},"9":{"start":{"line":48,"column":4},"end":{"line":48,"column":30}},"10":{"start":{"line":51,"column":20},"end":{"line":55,"column":3}},"11":{"start":{"line":57,"column":2},"end":{"line":59,"column":3}},"12":{"start":{"line":58,"column":4},"end":{"line":58,"column":56}},"13":{"start":{"line":61,"column":2},"end":{"line":63,"column":3}},"14":{"start":{"line":62,"column":4},"end":{"line":62,"column":30}},"15":{"start":{"line":65,"column":15},"end":{"line":65,"column":29}},"16":{"start":{"line":66,"column":2},"end":{"line":68,"column":3}},"17":{"start":{"line":67,"column":4},"end":{"line":67,"column":30}},"18":{"start":{"line":70,"column":17},"end":{"line":70,"column":84}},"19":{"start":{"line":71,"column":2},"end":{"line":73,"column":3}},"20":{"start":{"line":72,"column":4},"end":{"line":72,"column":30}},"21":{"start":{"line":75,"column":2},"end":{"line":75,"column":43}},"22":{"start":{"line":83,"column":16},"end":{"line":83,"column":56}},"23":{"start":{"line":84,"column":15},"end":{"line":84,"column":17}},"24":{"start":{"line":85,"column":20},"end":{"line":85,"column":26}},"25":{"start":{"line":87,"column":2},"end":{"line":90,"column":3}},"26":{"start":{"line":87,"column":19},"end":{"line":87,"column":20}},"27":{"start":{"line":88,"column":18},"end":{"line":88,"column":58}},"28":{"start":{"line":89,"column":4},"end":{"line":89,"column":44}},"29":{"start":{"line":92,"column":2},"end":{"line":92,"column":52}},"30":{"start":{"line":105,"column":17},"end":{"line":105,"column":43}},"31":{"start":{"line":106,"column":2},"end":{"line":108,"column":3}},"32":{"start":{"line":107,"column":4},"end":{"line":107,"column":30}},"33":{"start":{"line":110,"column":33},"end":{"line":120,"column":3}},"34":{"start":{"line":122,"column":2},"end":{"line":127,"column":3}},"35":{"start":{"line":123,"column":4},"end":{"line":126,"column":7}},"36":{"start":{"line":129,"column":21},"end":{"line":129,"column":42}},"37":{"start":{"line":130,"column":18},"end":{"line":130,"column":77}},"38":{"start":{"line":130,"column":35},"end":{"line":130,"column":53}},"39":{"start":{"line":132,"column":2},"end":{"line":174,"column":3}},"40":{"start":{"line":133,"column":21},"end":{"line":150,"column":6}},"41":{"start":{"line":152,"column":4},"end":{"line":156,"column":5}},"42":{"start":{"line":154,"column":6},"end":{"line":154,"column":72}},"43":{"start":{"line":155,"column":6},"end":{"line":155,"column":32}},"44":{"start":{"line":158,"column":17},"end":{"line":158,"column":58}},"45":{"start":{"line":159,"column":28},"end":{"line":159,"column":63}},"46":{"start":{"line":160,"column":4},"end":{"line":162,"column":5}},"47":{"start":{"line":161,"column":6},"end":{"line":161,"column":32}},"48":{"start":{"line":164,"column":4},"end":{"line":164,"column":41}},"49":{"start":{"line":166,"column":4},"end":{"line":168,"column":5}},"50":{"start":{"line":167,"column":6},"end":{"line":167,"column":18}},"51":{"start":{"line":170,"column":4},"end":{"line":170,"column":52}},"52":{"start":{"line":171,"column":4},"end":{"line":171,"column":30}},"53":{"start":{"line":173,"column":4},"end":{"line":173,"column":26}}},"fnMap":{"0":{"name":"moderationFailure","decl":{"start":{"line":34,"column":9},"end":{"line":34,"column":26}},"loc":{"start":{"line":34,"column":36},"end":{"line":36,"column":1}},"line":34},"1":{"name":"parseVerdict","decl":{"start":{"line":38,"column":9},"end":{"line":38,"column":21}},"loc":{"start":{"line":38,"column":62},"end":{"line":76,"column":1}},"line":38},"2":{"name":"imageFileToDataUrl","decl":{"start":{"line":79,"column":22},"end":{"line":79,"column":40}},"loc":{"start":{"line":82,"column":20},"end":{"line":93,"column":1}},"line":82},"3":{"name":"moderateSpotSubmission","decl":{"start":{"line":100,"column":22},"end":{"line":100,"column":44}},"loc":{"start":{"line":104,"column":35},"end":{"line":175,"column":1}},"line":104},"4":{"name":"(anonymous_4)","decl":{"start":{"line":130,"column":29},"end":{"line":130,"column":30}},"loc":{"start":{"line":130,"column":35},"end":{"line":130,"column":53}},"line":130}},"branchMap":{"0":{"loc":{"start":{"line":47,"column":2},"end":{"line":49,"column":3}},"type":"if","locations":[{"start":{"line":47,"column":2},"end":{"line":49,"column":3}},{"start":{},"end":{}}],"line":47},"1":{"loc":{"start":{"line":47,"column":6},"end":{"line":47,"column":43}},"type":"binary-expr","locations":[{"start":{"line":47,"column":6},"end":{"line":47,"column":13}},{"start":{"line":47,"column":17},"end":{"line":47,"column":43}}],"line":47},"2":{"loc":{"start":{"line":57,"column":2},"end":{"line":59,"column":3}},"type":"if","locations":[{"start":{"line":57,"column":2},"end":{"line":59,"column":3}},{"start":{},"end":{}}],"line":57},"3":{"loc":{"start":{"line":61,"column":2},"end":{"line":63,"column":3}},"type":"if","locations":[{"start":{"line":61,"column":2},"end":{"line":63,"column":3}},{"start":{},"end":{}}],"line":61},"4":{"loc":{"start":{"line":66,"column":2},"end":{"line":68,"column":3}},"type":"if","locations":[{"start":{"line":66,"column":2},"end":{"line":68,"column":3}},{"start":{},"end":{}}],"line":66},"5":{"loc":{"start":{"line":66,"column":6},"end":{"line":66,"column":55}},"type":"binary-expr","locations":[{"start":{"line":66,"column":6},"end":{"line":66,"column":30}},{"start":{"line":66,"column":34},"end":{"line":66,"column":55}}],"line":66},"6":{"loc":{"start":{"line":70,"column":17},"end":{"line":70,"column":84}},"type":"cond-expr","locations":[{"start":{"line":70,"column":56},"end":{"line":70,"column":79}},{"start":{"line":70,"column":82},"end":{"line":70,"column":84}}],"line":70},"7":{"loc":{"start":{"line":71,"column":2},"end":{"line":73,"column":3}},"type":"if","locations":[{"start":{"line":71,"column":2},"end":{"line":73,"column":3}},{"start":{},"end":{}}],"line":71},"8":{"loc":{"start":{"line":106,"column":2},"end":{"line":108,"column":3}},"type":"if","locations":[{"start":{"line":106,"column":2},"end":{"line":108,"column":3}},{"start":{},"end":{}}],"line":106},"9":{"loc":{"start":{"line":152,"column":4},"end":{"line":156,"column":5}},"type":"if","locations":[{"start":{"line":152,"column":4},"end":{"line":156,"column":5}},{"start":{},"end":{}}],"line":152},"10":{"loc":{"start":{"line":160,"column":4},"end":{"line":162,"column":5}},"type":"if","locations":[{"start":{"line":160,"column":4},"end":{"line":162,"column":5}},{"start":{},"end":{}}],"line":160},"11":{"loc":{"start":{"line":166,"column":4},"end":{"line":168,"column":5}},"type":"if","locations":[{"start":{"line":166,"column":4},"end":{"line":168,"column":5}},{"start":{},"end":{}}],"line":166},"12":{"loc":{"start":{"line":166,"column":8},"end":{"line":166,"column":85}},"type":"binary-expr","locations":[{"start":{"line":166,"column":8},"end":{"line":166,"column":30}},{"start":{"line":166,"column":34},"end":{"line":166,"column":85}}],"line":166}},"s":{"0":2,"1":2,"2":2,"3":2,"4":3,"5":8,"6":8,"7":0,"8":8,"9":0,"10":8,"11":8,"12":6,"13":2,"14":0,"15":2,"16":2,"17":1,"18":1,"19":1,"20":0,"21":1,"22":1,"23":1,"24":1,"25":1,"26":1,"27":2,"28":2,"29":1,"30":10,"31":10,"32":1,"33":9,"34":9,"35":4,"36":9,"37":9,"38":0,"39":9,"40":9,"41":9,"42":1,"43":1,"44":8,"45":8,"46":8,"47":0,"48":8,"49":2,"50":2,"51":0,"52":0,"53":9},"f":{"0":3,"1":8,"2":1,"3":10,"4":0},"b":{"0":[0,8],"1":[8,8],"2":[6,2],"3":[0,2],"4":[1,1],"5":[2,1],"6":[1,0],"7":[0,1],"8":[1,9],"9":[1,8],"10":[0,8],"11":[2,0],"12":[2,2]},"_coverageSchema":"1a1c01bbd47fc00a2c39e90264f33305004495a9","hash":"53fd3bd3979250c99c93162f96dfa388ef65c580"}
,"C:\\Projects\\SkateU-app\\src\\store\\spotsStore.ts": {"path":"C:\\Projects\\SkateU-app\\src\\store\\spotsStore.ts","statementMap":{"0":{"start":{"line":40,"column":27},"end":{"line":40,"column":33}},"1":{"start":{"line":41,"column":28},"end":{"line":41,"column":34}},"2":{"start":{"line":42,"column":27},"end":{"line":42,"column":74}},"3":{"start":{"line":45,"column":2},"end":{"line":45,"column":56}},"4":{"start":{"line":46,"column":26},"end":{"line":46,"column":59}},"5":{"start":{"line":47,"column":27},"end":{"line":47,"column":71}},"6":{"start":{"line":48,"column":35},"end":{"line":48,"column":73}},"7":{"start":{"line":49,"column":38},"end":{"line":49,"column":77}},"8":{"start":{"line":51,"column":26},"end":{"line":51,"column":27}},"9":{"start":{"line":52,"column":28},"end":{"line":52,"column":29}},"10":{"start":{"line":53,"column":31},"end":{"line":53,"column":32}},"11":{"start":{"line":54,"column":30},"end":{"line":54,"column":31}},"12":{"start":{"line":63,"column":2},"end":{"line":63,"column":46}},"13":{"start":{"line":73,"column":21},"end":{"line":73,"column":42}},"14":{"start":{"line":74,"column":18},"end":{"line":74,"column":65}},"15":{"start":{"line":74,"column":35},"end":{"line":74,"column":53}},"16":{"start":{"line":76,"column":2},"end":{"line":92,"column":3}},"17":{"start":{"line":77,"column":21},"end":{"line":77,"column":79}},"18":{"start":{"line":82,"column":30},"end":{"line":84,"column":5}},"19":{"start":{"line":85,"column":4},"end":{"line":87,"column":5}},"20":{"start":{"line":86,"column":6},"end":{"line":86,"column":52}},"21":{"start":{"line":89,"column":4},"end":{"line":89,"column":20}},"22":{"start":{"line":91,"column":4},"end":{"line":91,"column":26}},"23":{"start":{"line":99,"column":2},"end":{"line":106,"column":3}},"24":{"start":{"line":100,"column":4},"end":{"line":100,"column":68}},"25":{"start":{"line":102,"column":4},"end":{"line":104,"column":5}},"26":{"start":{"line":103,"column":6},"end":{"line":103,"column":42}},"27":{"start":{"line":105,"column":4},"end":{"line":105,"column":16}},"28":{"start":{"line":111,"column":2},"end":{"line":124,"column":3}},"29":{"start":{"line":112,"column":17},"end":{"line":115,"column":5}},"30":{"start":{"line":116,"column":4},"end":{"line":118,"column":5}},"31":{"start":{"line":117,"column":6},"end":{"line":117,"column":24}},"32":{"start":{"line":119,"column":4},"end":{"line":121,"column":5}},"33":{"start":{"line":120,"column":6},"end":{"line":120,"column":25}},"34":{"start":{"line":129,"column":2},"end":{"line":131,"column":3}},"35":{"start":{"line":130,"column":4},"end":{"line":130,"column":70}},"36":{"start":{"line":133,"column":2},"end":{"line":133,"column":58}},"37":{"start":{"line":139,"column":25},"end":{"line":139,"column":26}},"38":{"start":{"line":142,"column":2},"end":{"line":144,"column":3}},"39":{"start":{"line":143,"column":4},"end":{"line":143,"column":13}},"40":{"start":{"line":145,"column":2},"end":{"line":145,"column":23}},"41":{"start":{"line":149,"column":2},"end":{"line":149,"column":59}},"42":{"start":{"line":149,"column":34},"end":{"line":149,"column":57}},"43":{"start":{"line":157,"column":2},"end":{"line":178,"column":3}},"44":{"start":{"line":157,"column":21},"end":{"line":157,"column":22}},"45":{"start":{"line":158,"column":4},"end":{"line":177,"column":5}},"46":{"start":{"line":159,"column":23},"end":{"line":159,"column":58}},"47":{"start":{"line":162,"column":6},"end":{"line":165,"column":7}},"48":{"start":{"line":163,"column":8},"end":{"line":163,"column":42}},"49":{"start":{"line":164,"column":8},"end":{"line":164,"column":17}},"50":{"start":{"line":167,"column":6},"end":{"line":167,"column":22}},"51":{"start":{"line":171,"column":24},"end":{"line":171,"column":77}},"52":{"start":{"line":172,"column":6},"end":{"line":174,"column":7}},"53":{"start":{"line":173,"column":8},"end":{"line":173,"column":20}},"54":{"start":{"line":176,"column":6},"end":{"line":176,"column":40}},"55":{"start":{"line":182,"column":2},"end":{"line":189,"column":3}},"56":{"start":{"line":183,"column":4},"end":{"line":185,"column":5}},"57":{"start":{"line":184,"column":6},"end":{"line":184,"column":32}},"58":{"start":{"line":186,"column":4},"end":{"line":188,"column":5}},"59":{"start":{"line":187,"column":6},"end":{"line":187,"column":27}},"60":{"start":{"line":191,"column":2},"end":{"line":191,"column":27}},"61":{"start":{"line":194,"column":29},"end":{"line":569,"column":3}},"62":{"start":{"line":194,"column":60},"end":{"line":569,"column":1}},"63":{"start":{"line":207,"column
[...]
mn":4},"end":{"line":104,"column":5}},"type":"if","locations":[{"start":{"line":102,"column":4},"end":{"line":104,"column":5}},{"start":{},"end":{}}],"line":102},"3":{"loc":{"start":{"line":102,"column":8},"end":{"line":102,"column":61}},"type":"binary-expr","locations":[{"start":{"line":102,"column":8},"end":{"line":102,"column":30}},{"start":{"line":102,"column":34},"end":{"line":102,"column":61}}],"line":102},"4":{"loc":{"start":{"line":116,"column":4},"end":{"line":118,"column":5}},"type":"if","locations":[{"start":{"line":116,"column":4},"end":{"line":118,"column":5}},{"start":{},"end":{}}],"line":116},"5":{"loc":{"start":{"line":116,"column":8},"end":{"line":116,"column":63}},"type":"binary-expr","locations":[{"start":{"line":116,"column":8},"end":{"line":116,"column":38}},{"start":{"line":116,"column":42},"end":{"line":116,"column":63}}],"line":116},"6":{"loc":{"start":{"line":119,"column":4},"end":{"line":121,"column":5}},"type":"if","locations":[{"start":{"line":119,"column":4},"end":{"line":121,"column":5}},{"start":{},"end":{}}],"line":119},"7":{"loc":{"start":{"line":119,"column":8},"end":{"line":119,"column":65}},"type":"binary-expr","locations":[{"start":{"line":119,"column":8},"end":{"line":119,"column":39}},{"start":{"line":119,"column":43},"end":{"line":119,"column":65}}],"line":119},"8":{"loc":{"start":{"line":129,"column":2},"end":{"line":131,"column":3}},"type":"if","locations":[{"start":{"line":129,"column":2},"end":{"line":131,"column":3}},{"start":{},"end":{}}],"line":129},"9":{"loc":{"start":{"line":142,"column":2},"end":{"line":144,"column":3}},"type":"if","locations":[{"start":{"line":142,"column":2},"end":{"line":144,"column":3}},{"start":{},"end":{}}],"line":142},"10":{"loc":{"start":{"line":155,"column":2},"end":{"line":155,"column":40}},"type":"default-arg","locations":[{"start":{"line":155,"column":24},"end":{"line":155,"column":40}}],"line":155},"11":{"loc":{"start":{"line":162,"column":6},"end":{"line":165,"column":7}},"type":"if","locations":[{"start":{"line":162,"column":6},"end":{"line":165,"column":7}},{"start":{},"end":{}}],"line":162},"12":{"loc":{"start":{"line":162,"column":10},"end":{"line":162,"column":57}},"type":"binary-expr","locations":[{"start":{"line":162,"column":10},"end":{"line":162,"column":32}},{"start":{"line":162,"column":36},"end":{"line":162,"column":57}}],"line":162},"13":{"loc":{"start":{"line":171,"column":24},"end":{"line":171,"column":77}},"type":"binary-expr","locations":[{"start":{"line":171,"column":24},"end":{"line":171,"column":46}},{"start":{"line":171,"column":50},"end":{"line":171,"column":77}}],"line":171},"14":{"loc":{"start":{"line":172,"column":6},"end":{"line":174,"column":7}},"type":"if","locations":[{"start":{"line":172,"column":6},"end":{"line":174,"column":7}},{"start":{},"end":{}}],"line":172},"15":{"loc":{"start":{"line":172,"column":10},"end":{"line":172,"column":45}},"type":"binary-expr","locations":[{"start":{"line":172,"column":10},"end":{"line":172,"column":19}},{"start":{"line":172,"column":23},"end":{"line":172,"column":45}}],"line":172},"16":{"loc":{"start":{"line":182,"column":2},"end":{"line":189,"column":3}},"type":"if","locations":[{"start":{"line":182,"column":2},"end":{"line":189,"column":3}},{"start":{},"end":{}}],"line":182},"17":{"loc":{"start":{"line":183,"column":4},"end":{"line":185,"column":5}},"type":"if","locations":[{"start":{"line":183,"column":4},"end":{"line":185,"column":5}},{"start":{},"end":{}}],"line":183},"18":{"loc":{"start":{"line":186,"column":4},"end":{"line":188,"column":5}},"type":"if","locations":[{"start":{"line":186,"column":4},"end":{"line":188,"column":5}},{"start":{},"end":{}}],"line":186},"19":{"loc":{"start":{"line":209,"column":28},"end":{"line":209,"column":50}},"type":"binary-expr","locations":[{"start":{"line":209,"column":28},"end":{"line":209,"column":44}},{"start":{"line":209,"column":48},"end":{"line":209,"column":50}}],"line":209},"20":{"loc":{"start":{"line":213,"column":4},"end":{"line":218,"column":5}},"type":"if","locations":[{"start":{"line":213,"column":4},"end":{"line":218,"column":5}},{"start":{},"end":{}}],"line":213},"21":{"loc":{"start":{"line":214,"column":6},"end":{"line":216,"column":7}},"type":"if","locations":[{"start":{"line":214,"column":6},"end":{"line":216,"column":7}},{"start":{},"end":{}}],"line":214},"22":{"loc":{"start":{"line":220,"column":4},"end":{"line":222,"column":5}},"type":"if","locations":[{"start":{"line":220,"column":4},"end":{"line":222,"column":5}},{"start":{},"end":{}}],"line":220},"23":{"loc":{"start":{"line":229,"column":19},"end":{"line":231,"column":23}},"type":"cond-expr","locations":[{"start":{"line":230,"column":14},"end":{"line":230,"column":56}},{"start":{"line":231,"column":14},"end":{"line":231,"column":23}}],"line":229},"24":{"loc":{"start":{"line":235,"column":6},"end":{"line":237,"column":7}},"type":"if","locations":[{"start":{"line":235,"column":6},"end":{"line":237,"column":7}},{"start":{},"end":{}}],"line":235},"25":{"loc":{"start":{"line":241,"column":6},"end":{"line":249,"column":7}},"type":"if","locations":[{"start":{"line":241,"column":6},"end":{"line":249,"column":7}},{"start":{},"end":{}}],"line":241},"26":{"loc":{"start":{"line":242,"column":8},"end":{"line":243,"column":51}},"type":"binary-expr","locations":[{"start":{"line":242,"column":8},"end":{"line":242,"column":46}},{"start":{"line":243,"column":8},"end":{"line":243,"column":51}}],"line":242},"27":{"loc":{"start":{"line":245,"column":8},"end":{"line":247,"column":9}},"type":"if","locations":[{"start":{"line":245,"column":8},"end":{"line":247,"column":9}},{"start":{},"end":{}}],"line":245},"28":{"loc":{"start":{"line":253,"column":15},"end":{"line":253,"column":31}},"type":"binary-expr","locations":[{"start":{"line":253,"column":15},"end":{"line":253,"column":25}},{"start":{"line":253,"column":29},"end":{"line":253,"column":31}}],"line":253},"29":{"loc":{"start":{"line":260,"column":6},"end":{"line":268,"column":7}},"type":"if","locations":[{"start":{"line":260,"column":6},"end":{"line":268,"column":7}},{"start":{},"end":{}}],"line":260},"30":{"loc":{"start":{"line":261,"column":8},"end":{"line":262,"column":51}},"type":"binary-expr","locations":[{"start":{"line":261,"column":8},"end":{"line":261,"column":46}},{"start":{"line":262,"column":8},"end":{"line":262,"column":51}}],"line":261},"31":{"loc":{"start":{"line":264,"column":8},"end":{"line":266,"column":9}},"type":"if","locations":[{"start":{"line":264,"column":8},"end":{"line":266,"column":9}},{"start":{},"end":{}}],"line":264},"32":{"loc":{"start":{"line":281,"column":4},"end":{"line":287,"column":5}},"type":"if","locations":[{"start":{"line":281,"column":4},"end":{"line":287,"column":5}},{"start":{},"end":{}}],"line":281},"33":{"loc":{"start":{"line":281,"column":8},"end":{"line":281,"column":37}},"type":"binary-expr","locations":[{"start":{"line":281,"column":8},"end":{"line":281,"column":22}},{"start":{"line":281,"column":26},"end":{"line":281,"column":37}}],"line":281},"34":{"loc":{"start":{"line":283,"column":13},"end":{"line":283,"column":53}},"type":"binary-expr","locations":[{"start":{"line":283,"column":13},"end":{"line":283,"column":29}},{"start":{"line":283,"column":33},"end":{"line":283,"column":47}},{"start":{"line":283,"column":51},"end":{"line":283,"column":53}}],"line":283},"35":{"loc":{"start":{"line":284,"column":14},"end":{"line":284,"column":49}},"type":"binary-expr","locations":[{"start":{"line":284,"column":14},"end":{"line":284,"column":35}},{"start":{"line":284,"column":39},"end":{"line":284,"column":49}}],"line":284},"36":{"loc":{"start":{"line":285,"column":14},"end":{"line":285,"column":51}},"type":"binary-expr","locations":[{"start":{"line":285,"column":14},"end":{"line":285,"column":35}},{"start":{"line":285,"column":39},"end":{"line":285,"column":51}}],"line":285},"37":{"loc":{"start":{"line":296,"column":4},"end":{"line":298,"column":5}},"type":"if","locations":[{"start":{"line":296,"column":4},"end":{"line":298,"column":5}},{"start":{},"end":{}}],"line":296},"38":{"loc":{"start":{"line":302,"column":4},"end":{"line":304,"column":5}},"type":"if","locations":[{"start":{"line":302,"column":4},"end":{"line":304,"column":5}},{"start":{},"end":{}}],"line":302},"39":{"loc":{"start":{"line":320,"column":6},"end":{"line":322,"column":7}},"type":"if","locations":[{"start":{"line":320,"column":6},"end":{"line":322,"column":7}},{"start":{},"end":{}}],"line":320},"40":{"loc":{"start":{"line":325,"column":6},"end":{"line":333,"column":7}},"type":"if","locations":[{"start":{"line":325,"column":6},"end":{"line":333,"column":7}},{"start":{},"end":{}}],"line":325},"41":{"loc":{"start":{"line":326,"column":8},"end":{"line":327,"column":51}},"type":"binary-expr","locations":[{"start":{"line":326,"column":8},"end":{"line":326,"column":48}},{"start":{"line":327,"column":8},"end":{"line":327,"column":51}}],"line":326},"42":{"loc":{"start":{"line":329,"column":8},"end":{"line":331,"column":9}},"type":"if","locations":[{"start":{"line":329,"column":8},"end":{"line":331,"column":9}},{"start":{},"end":{}}],"line":329},"43":{"loc":{"start":{"line":335,"column":21},"end":{"line":335,"column":37}},"type":"binary-expr","locations":[{"start":{"line":335,"column":21},"end":{"line":335,"column":31}},{"start":{"line":335,"column":35},"end":{"line":335,"column":37}}],"line":335},"44":{"loc":{"start":{"line":337,"column":6},"end":{"line":345,"column":7}},"type":"if","locations":[{"start":{"line":337,"column":6},"end":{"line":345,"column":7}},{"start":{},"end":{}}],"line":337},"45":{"loc":{"start":{"line":338,"column":8},"end":{"line":339,"column":51}},"type":"binary-expr","locations":[{"start":{"line":338,"column":8},"end":{"line":338,"column":48}},{"start":{"line":339,"column":8},"end":{"line":339,"column":51}}],"line":338},"46":{"loc":{"start":{"line":341,"column":8},"end":{"line":343,"column":9}},"type":"if","locations":[{"start":{"line":341,"column":8},"end":{"line":343,"column":9}},{"start":{},"end":{}}],"line":341},"47":{"loc":{"start":{"line":351,"column":10},"end":{"line":353,"column":40}},"type":"cond-expr","locations":[{"start":{"line":352,"column":14},"end":{"line":352,"column":27}},{"start":{"line":353,"column":14},"end":{"line":353,"column":40}}],"line":351},"48":{"loc":{"start":{"line":351,"column":10},"end":{"line":351,"column":60}},"type":"binary-expr","locations":[{"start":{"line":351,"column":10},"end":{"line":351,"column":32}},{"start":{"line":351,"column":36},"end":{"line":351,"column":60}}],"line":351},"49":{"loc":{"start":{"line":369,"column":6},"end":{"line":371,"column":7}},"type":"if","locations":[{"start":{"line":369,"column":6},"end":{"line":371,"column":7}},{"start":{},"end":{}}],"line":369},"50":{"loc":{"start":{"line":374,"column":6},"end":{"line":382,"column":7}},"type":"if","locations":[{"start":{"line":374,"column":6},"end":{"line":382,"column":7}},{"start":{},"end":{}}],"line":374},"51":{"loc":{"start":{"line":375,"column":8},"end":{"line":376,"column":51}},"type":"binary-expr","locations":[{"start":{"line":375,"column":8},"end":{"line":375,"column":51}},{"start":{"line":376,"column":8},"end":{"line":376,"column":51}}],"line":375},"52":{"loc":{"start":{"line":378,"column":8},"end":{"line":380,"column":9}},"type":"if","locations":[{"start":{"line":378,"column":8},"end":{"line":380,"column":9}},{"start":{},"end":{}}],"line":378},"53":{"loc":{"start":{"line":384,"column":24},"end":{"line":384,"column":40}},"type":"binary-expr","locations":[{"start":{"line":384,"column":24},"end":{"line":384,"column":34}},{"start":{"line":384,"column":38},"end":{"line":384,"column":40}}],"line":384},"54":{"loc":{"start":{"line":386,"column":6},"end":{"line":394,"column":7}},"type":"if","locations":[{"start":{"line":386,"column":6},"end":{"line":394,"column":7}},{"start":{},"end":{}}],"line":386},"55":{"loc":{"start":{"line":387,"column":8},"end":{"line":388,"column":51}},"type":"binary-expr","locations":[{"start":{"line":387,"column":8},"end":{"line":387,"column":51}},{"start":{"line":388,"column":8},"end":{"line":388,"column":51}}],"line":387},"56":{"loc":{"start":{"line":390,"column":8},"end":{"line":392,"column":9}},"type":"if","locations":[{"start":{"line":390,"column":8},"end":{"line":392,"column":9}},{"start":{},"end":{}}],"line":390},"57":{"loc":{"start":{"line":399,"column":10},"end":{"line":401,"column":43}},"type":"cond-expr","locations":[{"start":{"line":400,"column":14},"end":{"line":400,"column":27}},{"start":{"line":401,"column":14},"end":{"line":401,"column":43}}],"line":399},"58":{"loc":{"start":{"line":399,"column":10},"end":{"line":399,"column":60}},"type":"binary-expr","locations":[{"start":{"line":399,"column":10},"end":{"line":399,"column":32}},{"start":{"line":399,"column":36},"end":{"line":399,"column":60}}],"line":399},"59":{"loc":{"start":{"line":414,"column":16},"end":{"line":414,"column":47}},"type":"cond-expr","locations":[{"start":{"line":414,"column":30},"end":{"line":414,"column":38}},{"start":{"line":414,"column":41},"end":{"line":414,"column":47}}],"line":414},"60":{"loc":{"start":{"line":419,"column":4},"end":{"line":421,"column":5}},"type":"if","locations":[{"start":{"line":419,"column":4},"end":{"line":421,"column":5}},{"start":{},"end":{}}],"line":419},"61":{"loc":{"start":{"line":427,"column":22},"end":{"line":427,"column":54}},"type":"binary-expr","locations":[{"start":{"line":427,"column":22},"end":{"line":427,"column":38}},{"start":{"line":427,"column":42},"end":{"line":427,"column":54}}],"line":427},"62":{"loc":{"start":{"line":428,"column":22},"end":{"line":428,"column":41}},"type":"binary-expr","locations":[{"start":{"line":428,"column":22},"end":{"line":428,"column":36}},{"start":{"line":428,"column":40},"end":{"line":428,"column":41}}],"line":428},"63":{"loc":{"start":{"line":433,"column":8},"end":{"line":435,"column":16}},"type":"cond-expr","locations":[{"start":{"line":434,"column":12},"end":{"line":434,"column":69}},{"start":{"line":435,"column":12},"end":{"line":435,"column":16}}],"line":433},"64":{"loc":{"start":{"line":440,"column":6},"end":{"line":446,"column":7}},"type":"if","locations":[{"start":{"line":440,"column":6},"end":{"line":446,"column":7}},{"start":{},"end":{}}],"line":440},"65":{"loc":{"start":{"line":452,"column":20},"end":{"line":457,"column":29}},"type":"cond-expr","locations":[{"start":{"line":453,"column":12},"end":{"line":456,"column":13}},{"start":{"line":457,"column":12},"end":{"line":457,"column":29}}],"line":452},"66":{"loc":{"start":{"line":471,"column":4},"end":{"line":477,"column":5}},"type":"if","locations":[{"start":{"line":471,"column":4},"end":{"line":477,"column":5}},{"start":{},"end":{}}],"line":471},"67":{"loc":{"start":{"line":471,"column":8},"end":{"line":471,"column":37}},"type":"binary-expr","locations":[{"start":{"line":471,"column":8},"end":{"line":471,"column":22}},{"start":{"line":471,"column":26},"end":{"line":471,"column":37}}],"line":471},"68":{"loc":{"start":{"line":473,"column":13},"end":{"line":473,"column":53}},"type":"binary-expr","locations":[{"start":{"line":473,"column":13},"end":{"line":473,"column":29}},{"start":{"line":473,"column":33},"end":{"line":473,"column":47}},{"start":{"line":473,"column":51},"end":{"line":473,"column":53}}],"line":473},"69":{"loc":{"start":{"line":474,"column":14},"end":{"line":474,"column":49}},"type":"binary-expr","locations":[{"start":{"line":474,"column":14},"end":{"line":474,"column":35}},{"start":{"line":474,"column":39},"end":{"line":474,"column":49}}],"line":474},"70":{"loc":{"start":{"line":475,"column":14},"end":{"line":475,"column":51}},"type":"binary-expr","locations":[{"start":{"line":475,"column":14},"end":{"line":475,"column":35}},{"start":{"line":475,"column":39},"end":{"line":475,"column":51}}],"line":475},"71":{"loc":{"start":{"line":488,"column":4},"end":{"line":490,"column":5}},"type":"if","locations":[{"start":{"line":488,"column":4},"end":{"line":490,"column":5}},{"start":{},"end":{}}],"line":488},"72":{"loc":{"start":{"line":493,"column":4},"end":{"line":495,"column":5}},"type":"if","locations":[{"start":{"line":493,"column":4},"end":{"line":495,"column":5}},{"start":{},"end":{}}],"line":493},"73":{"loc":{"start":{"line":502,"column":44},"end":{"line":502,"column":75}},"type":"cond-expr","locations":[{"start":{"line":502,"column":61},"end":{"line":502,"column":68}},{"start":{"line":502,"column":71},"end":{"line":502,"column":75}}],"line":502},"74":{"loc":{"start":{"line":503,"column":40},"end":{"line":503,"column":71}},"type":"cond-expr","locations":[{"start":{"line":503,"column":57},"end":{"line":503,"column":64}},{"start":{"line":503,"column":67},"end":{"line":503,"column":71}}],"line":503},"75":{"loc":{"start":{"line":505,"column":8},"end":{"line":505,"column":77}},"type":"cond-expr","locations":[{"start":{"line":505,"column":25},"end":{"line":505,"column":70}},{"start":{"line":505,"column":73},"end":{"line":505,"column":77}}],"line":505},"76":{"loc":{"start":{"line":521,"column":4},"end":{"line":523,"column":5}},"type":"if","locations":[{"start":{"line":521,"column":4},"end":{"line":523,"column":5}},{"start":{},"end":{}}],"line":521}},"s":{"0":1,"1":1,"2":1,"3":1,"4":1,"5":1,"6":1,"7":1,"8":1,"9":1,"10":1,"11":1,"12":0,"13":261,"14":261,"15":0,"16":261,"17":261,"18":112,"19":112,"20":0,"21":112,"22":261,"23":6,"24":6,"25":0,"26":0,"27":0,"28":36,"29":36,"30":36,"31":34,"32":2,"33":1,"34":1,"35":1,"36":0,"37":1,"38":140,"39":140,"40":0,"41":140,"42":140,"43":113,"44":113,"45":253,"46":253,"47":104,"48":63,"49":63,"50":41,"51":149,"52":149,"53":72,"54":77,"55":104,"56":104,"57":34,"58":70,"59":70,"60":0,"61":1,"62":1,"63":209,"64":209,"65":209,"66":209,"67":100,"68":100,"69":100,"70":109,"71":109,"72":109,"73":109,"74":37,"75":32,"76":5,"77":5,"78":0,"79":0,"80":0,"81":5,"82":104,"83":0,"84":0,"85":0,"86":104,"87":1,"88":1,"89":1,"90":1,"91":1,"92":1,"93":1,"94":0,"95":1,"96":1,"97":0,"98":1,"99":1,"100":0,"101":1,"102":2,"103":2,"104":2,"105":2,"106":2,"107":2,"108":1,"109":1,"110":1,"111":0,"112":0,"113":0,"114":1,"115":1,"116":0,"117":0,"118":0,"119":1,"120":2,"121":2,"122":2,"123":2,"124":2,"125":2,"126":1,"127":1,"128":1,"129":0,"130":0,"131":0,"132":1,"133":1,"134":0,"135":0,"136":0,"137":1,"138":3,"139":3,"140":3,"141":0,"142":3,"143":3,"144":3,"145":3,"146":3,"147":3,"148":7,"149":3,"150":3,"151":3,"152":3,"153":1,"154":1,"155":2,"156":2,"157":2,"158":0,"159":2,"160":2,"161":2,"162":2,"163":2,"164":2,"165":0,"166":2,"167":2,"168":1,"169":1,"170":1,"171":0,"172":1,"173":1,"174":1,"175":2,"176":1,"177":0,"178":1,"179":2,"180":2,"181":1,"182":1,"183":1,"184":2,"185":2,"186":0,"187":0,"188":0,"189":1,"190":1,"191":1,"192":1,"193":1,"194":1,"195":22,"196":22,"197":22,"198":22,"199":22},"f":{"0":0,"1":261,"2":0,"3":6,"4":36,"5":140,"6":140,"7":140,"8":113,"9":104,"10":1,"11":209,"12":1,"13":2,"14":2,"15":3,"16":3,"17":7,"18":1,"19":2,"20":0,"21":2,"22":1,"23":2,"24":1,"25":0,"26":2,"27":1,"28":2,"29":2,"30":0,"31":0,"32":1,"33":1,"34":1,"35":1,"36":22},"b":{"0":[255],"1":[0,112],"2":[0,0],"3":[0,0],"4":[34,2],"5":[36,34],"6":[1,1],"7":[2,1],"8":[1,0],"9":[140,0],"10":[113],"11":[63,41],"12":[104,94],"13":[149,149],"14":[72,77],"15":[149,115],"16":[104,0],"17":[34,70],"18":[70,0],"19":[209,0],"20":[100,109],"21":[100,0],"22":[109,0],"23":[0,109],"24":[32,5],"25":[0,5],"26":[5,5],"27":[0,0],"28":[5,0],"29":[0,104],"30":[104,104],"31":[0,0],"32":[0,1],"33":[1,1],"34":[0,0,0],"35":[0,0],"36":[0,0],"37":[0,1],"38":[0,1],"39":[1,1],"40":[0,1],"41":[1,1],"42":[0,0],"43":[1,0],"44":[0,1],"45":[1,1],"46":[0,0],"47":[1,0],"48":[1,1],"49":[1,1],"50":[0,1],"51":[1,1],"52":[0,0],"53":[1,0],"54":[0,1],"55":[1,1],"56":[0,0],"57":[1,0],"58":[1,1],"59":[1,2],"60":[0,3],"61":[3,1],"62":[3,1],"63":[7,0],"64":[1,2],"65":[2,0],"66":[0,2],"67":[2,2],"68":[0,0,0],"69":[0,0],"70":[0,0],"71":[1,1],"72":[0,1],"73":[1,1],"74":[1,0],"75":[0,0],"76":[1,1]},"_coverageSchema":"1a1c01bbd47fc00a2c39e90264f33305004495a9","hash":"1e0af055c3aae7fefa399299ba6c2eb88c733848"}
}
