TN:
SF:src\app\api\spots+api.ts
FN:35,getSupabaseConfig
FN:51,validateSchoolId
FN:67,validateSpotId
FN:110,mapSpot
FN:144,validatePostBody
FN:202,buildInsertRecord
FN:231,validatePatchBody
FN:286,validateImageFile
FN:309,uploadImages
FN:315,(anonymous_9)
FN:319,(anonymous_10)
FN:360,resolveUserId
FN:398,fetchSpotOwnership
FN:437,chunkIds
FN:445,storageObjectKeyFromUrl
FN:459,deleteStorageObjects
FN:465,(anonymous_16)
FN:488,readBearerToken
FN:498,readTextField
FN:503,isFilePart
FN:507,fetchLikedSpotIds
FN:517,(anonymous_21)
FN:537,(anonymous_22)
FN:540,mapSpotsForUser
FN:546,(anonymous_24)
FN:553,(anonymous_25)
FN:555,(anonymous_26)
FN:558,(anonymous_27)
FN:564,GET
FN:630,getMySpots
FN:681,POST
FN:814,PATCH
FN:996,DELETE
FNF:33
FNH:28
FNDA:26,getSupabaseConfig
FNDA:108,validateSchoolId
FNDA:111,validateSpotId
FNDA:107,mapSpot
FNDA:105,validatePostBody
FNDA:104,buildInsertRecord
FNDA:105,validatePatchBody
FNDA:100,validateImageFile
FNDA:105,uploadImages
FNDA:537,(anonymous_9)
FNDA:0,(anonymous_10)
FNDA:18,resolveUserId
FNDA:6,fetchSpotOwnership
FNDA:1,chunkIds
FNDA:0,storageObjectKeyFromUrl
FNDA:1,deleteStorageObjects
FNDA:0,(anonymous_16)
FNDA:26,readBearerToken
FNDA:41,readTextField
FNDA:0,isFilePart
FNDA:1,fetchLikedSpotIds
FNDA:1,(anonymous_21)
FNDA:1,(anonymous_22)
FNDA:3,mapSpotsForUser
FNDA:1,(anonymous_24)
FNDA:1,(anonymous_25)
FNDA:1,(anonymous_26)
FNDA:0,(anonymous_27)
FNDA:9,GET
FNDA:3,getMySpots
FNDA:11,POST
FNDA:6,PATCH
FNDA:4,DELETE
DA:10,1
DA:11,1
DA:12,1
DA:13,1
DA:14,1
DA:15,1
DA:16,1
DA:17,1
DA:19,1
DA:21,1
DA:28,1
DA:36,26
DA:37,26
DA:39,26
DA:40,1
DA:43,25
DA:52,108
DA:53,14
DA:56,94
DA:57,71
DA:60,23
DA:68,111
DA:69,12
DA:72,99
DA:73,70
DA:76,29
DA:111,107
DA:147,105
DA:148,105
DA:149,13
DA:151,92
DA:152,62
DA:155,30
DA:156,30
DA:157,2
DA:159,28
DA:160,0
DA:163,28
DA:164,28
DA:165,4
DA:167,24
DA:168,0
DA:174,24
DA:175,24
DA:176,2
DA:178,22
DA:179,22
DA:180,9
DA:183,13
DA:184,13
DA:185,1
DA:187,12
DA:188,12
DA:189,6
DA:192,6
DA:207,104
DA:234,105
DA:235,105
DA:236,13
DA:238,92
DA:239,0
DA:242,92
DA:243,92
DA:244,11
DA:246,81
DA:247,0
DA:253,81
DA:254,81
DA:255,5
DA:257,76
DA:258,76
DA:259,55
DA:262,21
DA:263,21
DA:264,2
DA:266,19
DA:267,19
DA:268,8
DA:271,11
DA:289,100
DA:290,48
DA:293,52
DA:294,28
DA:300,24
DA:314,105
DA:316,537
DA:317,537
DA:318,537
DA:319,537
DA:321,537
DA:322,537
DA:323,537
DA:337,537
DA:338,1
DA:339,1
DA:342,537
DA:345,536
DA:364,18
DA:365,18
DA:372,18
DA:373,14
DA:374,14
DA:375,14
DA:377,0
DA:380,4
DA:381,4
DA:383,0
DA:402,6
DA:403,6
DA:404,6
DA:406,6
DA:413,6
DA:414,0
DA:417,6
DA:423,6
DA:424,2
DA:427,4
DA:435,1
DA:438,1
DA:439,1
DA:440,1
DA:442,1
DA:446,0
DA:447,0
DA:448,0
DA:449,0
DA:452,0
DA:453,0
DA:455,0
DA:463,1
DA:465,0
DA:467,1
DA:468,1
DA:471,0
DA:481,0
DA:482,0
DA:490,26
DA:491,26
DA:492,7
DA:494,19
DA:495,19
DA:499,41
DA:500,41
DA:504,0
DA:512,1
DA:513,0
DA:516,1
DA:518,1
DA:519,1
DA:520,1
DA:521,1
DA:523,1
DA:529,1
DA:530,0
DA:533,1
DA:537,1
DA:545,3
DA:546,2
DA:549,1
DA:550,1
DA:553,1
DA:555,1
DA:557,0
DA:558,0
DA:565,9
DA:566,9
DA:568,9
DA:569,9
DA:570,1
DA:579,8
DA:580,3
DA:583,5
DA:584,5
DA:585,2
DA:588,3
DA:589,3
DA:590,3
DA:591,3
DA:592,3
DA:594,3
DA:601,3
DA:602,1
DA:603,1
DA:606,2
DA:607,2
DA:608,2
DA:609,2
DA:610,0
DA:611,0
DA:612,0
DA:616,2
DA:618,1
DA:619,1
DA:634,3
DA:635,3
DA:636,1
DA:642,2
DA:643,2
DA:645,1
DA:648,1
DA:651,1
DA:652,1
DA:653,1
DA:654,1
DA:655,1
DA:657,1
DA:664,1
DA:665,0
DA:668,1
DA:669,1
DA:671,0
DA:672,0
DA:682,11
DA:683,11
DA:684,2
DA:690,9
DA:691,9
DA:692,0
DA:698,9
DA:699,9
DA:701,3
DA:704,3
DA:708,6
DA:712,6
DA:714,1
DA:720,5
DA:727,5
DA:728,1
DA:731,4
DA:732,4
DA:733,0
DA:738,4
DA:739,0
DA:740,0
DA:741,0
DA:745,4
DA:746,4
DA:747,4
DA:753,4
DA:754,0
DA:757,0
DA:758,0
DA:765,4
DA:766,4
DA:768,0
DA:769,0
DA:775,4
DA:776,4
DA:777,4
DA:778,4
DA:780,4
DA:791,4
DA:792,2
DA:793,2
DA:796,2
DA:797,2
DA:798,2
DA:799,0
DA:802,2
DA:804,2
DA:805,2
DA:815,6
DA:816,6
DA:817,1
DA:823,5
DA:824,5
DA:825,0
DA:831,5
DA:832,5
DA:833,1
DA:836,4
DA:837,4
DA:839,0
DA:842,0
DA:846,4
DA:847,4
DA:849,0
DA:855,4
DA:861,4
DA:862,1
DA:867,3
DA:868,3
DA:870,0
DA:871,0
DA:877,3
DA:878,1
DA:880,2
DA:881,1
DA:889,1
DA:890,1
DA:891,0
DA:896,1
DA:897,0
DA:898,0
DA:899,0
DA:903,1
DA:905,1
DA:908,1
DA:914,1
DA:915,0
DA:918,0
DA:919,0
DA:931,1
DA:938,1
DA:939,0
DA:940,0
DA:942,0
DA:943,0
DA:950,1
DA:951,1
DA:952,1
DA:953,1
DA:955,1
DA:966,1
DA:967,0
DA:970,1
DA:971,1
DA:972,1
DA:973,0
DA:976,1
DA:977,0
DA:978,0
DA:980,0
DA:984,1
DA:986,0
DA:987,0
DA:997,4
DA:998,4
DA:999,1
DA:1005,3
DA:1006,3
DA:1007,0
DA:1013,3
DA:1014,3
DA:1015,0
DA:1018,3
DA:1019,3
DA:1021,0
DA:1024,0
DA:1029,3
DA:1030,3
DA:1032,0
DA:1033,0
DA:1039,3
DA:1041,1
DA:1043,2
DA:1044,1
DA:1050,1
DA:1051,1
DA:1052,1
DA:1054,1
DA:1062,1
DA:1063,0
DA:1066,1
DA:1067,1
DA:1069,0
DA:1072,1
DA:1074,0
DA:1075,0
LF:359
LH:285
BRDA:39,0,0,1
BRDA:39,0,1,25
BRDA:39,1,0,26
BRDA:39,1,1,25
BRDA:52,2,0,14
BRDA:52,2,1,94
BRDA:52,3,0,108
BRDA:52,3,1,106
BRDA:56,4,0,71
BRDA:56,4,1,23
BRDA:56,5,0,94
BRDA:56,5,1,93
BRDA:68,6,0,12
BRDA:68,6,1,99
BRDA:68,7,0,111
BRDA:68,7,1,109
BRDA:72,8,0,70
BRDA:72,8,1,29
BRDA:72,9,0,99
BRDA:72,9,1,98
BRDA:110,10,0,106
BRDA:117,11,0,107
BRDA:117,11,1,0
BRDA:118,12,0,107
BRDA:118,12,1,24
BRDA:119,13,0,107
BRDA:119,13,1,24
BRDA:120,14,0,107
BRDA:120,14,1,25
BRDA:122,15,0,107
BRDA:122,15,1,32
BRDA:123,16,0,107
BRDA:123,16,1,2
BRDA:124,17,0,107
BRDA:124,17,1,2
BRDA:125,18,0,107
BRDA:125,18,1,106
BRDA:147,19,0,105
BRDA:147,19,1,0
BRDA:148,20,0,13
BRDA:148,20,1,92
BRDA:151,21,0,62
BRDA:151,21,1,30
BRDA:151,22,0,92
BRDA:151,22,1,92
BRDA:155,23,0,30
BRDA:155,23,1,0
BRDA:156,24,0,2
BRDA:156,24,1,28
BRDA:159,25,0,0
BRDA:159,25,1,28
BRDA:163,26,0,28
BRDA:163,26,1,0
BRDA:164,27,0,4
BRDA:164,27,1,24
BRDA:167,28,0,0
BRDA:167,28,1,24
BRDA:174,29,0,24
BRDA:174,29,1,0
BRDA:175,30,0,2
BRDA:175,30,1,22
BRDA:179,31,0,9
BRDA:179,31,1,13
BRDA:179,32,0,22
BRDA:179,32,1,18
BRDA:179,32,2,15
BRDA:183,33,0,13
BRDA:183,33,1,0
BRDA:184,34,0,1
BRDA:184,34,1,12
BRDA:188,35,0,6
BRDA:188,35,1,6
BRDA:188,36,0,12
BRDA:188,36,1,8
BRDA:188,36,2,8
BRDA:234,37,0,105
BRDA:234,37,1,0
BRDA:235,38,0,13
BRDA:235,38,1,92
BRDA:238,39,0,0
BRDA:238,39,1,92
BRDA:242,40,0,92
BRDA:242,40,1,0
BRDA:243,41,0,11
BRDA:243,41,1,81
BRDA:246,42,0,0
BRDA:246,42,1,81
BRDA:253,43,0,81
BRDA:253,43,1,0
BRDA:254,44,0,5
BRDA:254,44,1,76
BRDA:258,45,0,55
BRDA:258,45,1,21
BRDA:258,46,0,76
BRDA:258,46,1,41
BRDA:258,46,2,26
BRDA:262,47,0,21
BRDA:262,47,1,0
BRDA:263,48,0,2
BRDA:263,48,1,19
BRDA:267,49,0,8
BRDA:267,49,1,11
BRDA:267,50,0,19
BRDA:267,50,1,13
BRDA:267,50,2,13
BRDA:289,51,0,48
BRDA:289,51,1,52
BRDA:293,52,0,28
BRDA:293,52,1,24
BRDA:316,53,0,537
BRDA:316,53,1,0
BRDA:337,54,0,1
BRDA:337,54,1,536
BRDA:372,55,0,14
BRDA:372,55,1,4
BRDA:374,56,0,14
BRDA:374,56,1,0
BRDA:374,57,0,14
BRDA:374,57,1,14
BRDA:381,58,0,1
BRDA:381,58,1,3
BRDA:413,59,0,0
BRDA:413,59,1,6
BRDA:423,60,0,2
BRDA:423,60,1,4
BRDA:431,61,0,0
BRDA:431,61,1,4
BRDA:448,62,0,0
BRDA:448,62,1,0
BRDA:453,63,0,0
BRDA:453,63,1,0
BRDA:467,64,0,1
BRDA:467,64,1,0
BRDA:481,65,0,0
BRDA:481,65,1,0
BRDA:490,66,0,26
BRDA:490,66,1,7
BRDA:491,67,0,7
BRDA:491,67,1,19
BRDA:495,68,0,19
BRDA:495,68,1,0
BRDA:500,69,0,41
BRDA:500,69,1,0
BRDA:512,70,0,0
BRDA:512,70,1,1
BRDA:529,71,0,0
BRDA:529,71,1,1
BRDA:545,72,0,2
BRDA:545,72,1,1
BRDA:569,73,0,1
BRDA:569,73,1,8
BRDA:579,74,0,3
BRDA:579,74,1,5
BRDA:579,75,0,8
BRDA:579,75,1,5
BRDA:584,76,0,2
BRDA:584,76,1,3
BRDA:601,77,0,1
BRDA:601,77,1,2
BRDA:609,78,0,0
BRDA:609,78,1,2
BRDA:611,79,0,0
BRDA:611,79,1,0
BRDA:635,80,0,1
BRDA:635,80,1,2
BRDA:643,81,0,1
BRDA:643,81,1,1
BRDA:645,82,0,0
BRDA:645,82,1,1
BRDA:664,83,0,0
BRDA:664,83,1,1
BRDA:683,84,0,2
BRDA:683,84,1,9
BRDA:691,85,0,0
BRDA:691,85,1,9
BRDA:699,86,0,3
BRDA:699,86,1,6
BRDA:701,87,0,1
BRDA:701,87,1,2
BRDA:727,88,0,1
BRDA:727,88,1,4
BRDA:732,89,0,0
BRDA:732,89,1,4
BRDA:740,90,0,0
BRDA:740,90,1,0
BRDA:753,91,0,0
BRDA:753,91,1,4
BRDA:791,92,0,2
BRDA:791,92,1,2
BRDA:798,93,0,0
BRDA:798,93,1,2
BRDA:816,94,0,1
BRDA:816,94,1,5
BRDA:824,95,0,0
BRDA:824,95,1,5
BRDA:832,96,0,1
BRDA:832,96,1,4
BRDA:837,97,0,0
BRDA:837,97,1,4
BRDA:839,98,0,0
BRDA:839,98,1,0
BRDA:861,99,0,1
BRDA:861,99,1,3
BRDA:877,100,0,1
BRDA:877,100,1,2
BRDA:880,101,0,1
BRDA:880,101,1,1
BRDA:890,102,0,0
BRDA:890,102,1,1
BRDA:898,103,0,0
BRDA:898,103,1,0
BRDA:905,104,0,0
BRDA:905,104,1,1
BRDA:914,105,0,0
BRDA:914,105,1,1
BRDA:938,106,0,0
BRDA:938,106,1,1
BRDA:966,107,0,0
BRDA:966,107,1,1
BRDA:972,108,0,0
BRDA:972,108,1,1
BRDA:976,109,0,0
BRDA:976,109,1,1
BRDA:998,110,0,1
BRDA:998,110,1,3
BRDA:1006,111,0,0
BRDA:1006,111,1,3
BRDA:1014,112,0,0
BRDA:1014,112,1,3
BRDA:1019,113,0,0
BRDA:1019,113,1,3
BRDA:1021,114,0,0
BRDA:1021,114,1,0
BRDA:1039,115,0,1
BRDA:1039,115,1,2
BRDA:1043,116,0,1
BRDA:1043,116,1,1
BRDA:1062,117,0,0
BRDA:1062,117,1,1
BRF:239
BRH:180
end_of_record
TN:
SF:src\lib\addSpotForm.ts
FN:13,isAddSpotFormValid
FNF:1
FNH:1
FNDA:208,isAddSpotFormValid
DA:8,1
DA:9,1
DA:10,1
DA:11,1
DA:18,208
DA:20,208
DA:21,208
DA:23,208
LF:8
LH:8
BRDA:18,0,0,208
BRDA:18,0,1,153
BRDA:24,1,0,208
BRDA:24,1,1,100
BRDA:24,1,2,78
BRDA:24,1,3,62
BRDA:24,1,4,54
BRF:7
BRH:7
end_of_record
TN:
SF:src\lib\api.ts
FN:4,isAbsoluteUrl
FN:10,getApiUrl
FNF:2
FNH:2
FNDA:122,isAbsoluteUrl
FNDA:123,getApiUrl
DA:5,122
DA:11,123
DA:13,123
DA:14,122
DA:15,0
DA:20,122
DA:23,1
DA:24,1
DA:27,0
DA:29,0
DA:30,0
DA:33,0
LF:12
LH:7
BRDA:13,0,0,122
BRDA:13,0,1,1
BRDA:14,1,0,0
BRDA:14,1,1,122
BRDA:14,2,0,122
BRDA:14,2,1,122
BRDA:23,3,0,1
BRDA:23,3,1,0
BRDA:29,4,0,0
BRDA:29,4,1,0
BRF:10
BRH:6
end_of_record
TN:
SF:src\lib\spotModeration.ts
FN:34,moderationFailure
FN:38,parseVerdict
FN:79,imageFileToDataUrl
FN:100,moderateSpotSubmission
FN:130,(anonymous_4)
FNF:5
FNH:4
FNDA:3,moderationFailure
FNDA:8,parseVerdict
FNDA:1,imageFileToDataUrl
FNDA:10,moderateSpotSubmission
FNDA:0,(anonymous_4)
DA:1,2
DA:2,2
DA:3,2
DA:5,2
DA:35,3
DA:41,8
DA:42,8
DA:44,0
DA:47,8
DA:48,0
DA:51,8
DA:57,8
DA:58,6
DA:61,2
DA:62,0
DA:65,2
DA:66,2
DA:67,1
DA:70,1
DA:71,1
DA:72,0
DA:75,1
DA:83,1
DA:84,1
DA:85,1
DA:87,1
DA:88,2
DA:89,2
DA:92,1
DA:105,10
DA:106,10
DA:107,1
DA:110,9
DA:122,9
DA:123,4
DA:129,9
DA:130,9
DA:132,9
DA:133,9
DA:152,9
DA:154,1
DA:155,1
DA:158,8
DA:159,8
DA:160,8
DA:161,0
DA:164,8
DA:166,2
DA:167,2
DA:170,0
DA:171,0
DA:173,9
LF:52
LH:45
BRDA:47,0,0,0
BRDA:47,0,1,8
BRDA:47,1,0,8
BRDA:47,1,1,8
BRDA:57,2,0,6
BRDA:57,2,1,2
BRDA:61,3,0,0
BRDA:61,3,1,2
BRDA:66,4,0,1
BRDA:66,4,1,1
BRDA:66,5,0,2
BRDA:66,5,1,1
BRDA:70,6,0,1
BRDA:70,6,1,0
BRDA:71,7,0,0
BRDA:71,7,1,1
BRDA:106,8,0,1
BRDA:106,8,1,9
BRDA:152,9,0,1
BRDA:152,9,1,8
BRDA:160,10,0,0
BRDA:160,10,1,8
BRDA:166,11,0,2
BRDA:166,11,1,0
BRDA:166,12,0,2
BRDA:166,12,1,2
BRF:26
BRH:20
end_of_record
TN:
SF:src\store\spotsStore.ts
FN:62,appendFilePart
FN:68,fetchWithTimeout
FN:74,(anonymous_2)
FN:95,fetchMutationWithTimeout
FN:110,readErrorMessage
FN:141,retryDelayMs
FN:148,wait
FN:149,(anonymous_7)
FN:152,fetchGetWithRetry
FN:181,toFetchErrorMessage
FN:194,(anonymous_10)
FN:206,(anonymous_11)
FN:273,(anonymous_12)
FN:309,(anonymous_13)
FN:358,(anonymous_14)
FN:406,(anonymous_15)
FN:431,(anonymous_16)
FN:432,(anonymous_17)
FN:444,(anonymous_18)
FN:448,(anonymous_19)
FN:455,(anonymous_20)
FN:462,(anonymous_21)
FN:501,(anonymous_22)
FN:502,(anonymous_23)
FN:503,(anonymous_24)
FN:504,(anonymous_25)
FN:512,(anonymous_26)
FN:527,(anonymous_27)
FN:528,(anonymous_28)
FN:529,(anonymous_29)
FN:530,(anonymous_30)
FN:534,(anonymous_31)
FN:539,(anonymous_32)
FN:542,(anonymous_33)
FN:543,(anonymous_34)
FN:544,(anonymous_35)
FN:551,(anonymous_36)
FNF:37
FNH:31
FNDA:0,appendFilePart
FNDA:261,fetchWithTimeout
FNDA:0,(anonymous_2)
FNDA:6,fetchMutationWithTimeout
FNDA:36,readErrorMessage
FNDA:140,retryDelayMs
FNDA:140,wait
FNDA:140,(anonymous_7)
FNDA:113,fetchGetWithRetry
FNDA:104,toFetchErrorMessage
FNDA:1,(anonymous_10)
FNDA:209,(anonymous_11)
FNDA:1,(anonymous_12)
FNDA:2,(anonymous_13)
FNDA:2,(anonymous_14)
FNDA:3,(anonymous_15)
FNDA:3,(anonymous_16)
FNDA:7,(anonymous_17)
FNDA:1,(anonymous_18)
FNDA:2,(anonymous_19)
FNDA:0,(anonymous_20)
FNDA:2,(anonymous_21)
FNDA:1,(anonymous_22)
FNDA:2,(anonymous_23)
FNDA:1,(anonymous_24)
FNDA:0,(anonymous_25)
FNDA:2,(anonymous_26)
FNDA:1,(anonymous_27)
FNDA:2,(anonymous_28)
FNDA:2,(anonymous_29)
FNDA:0,(anonymous_30)
FNDA:0,(anonymous_31)
FNDA:1,(anonymous_32)
FNDA:1,(anonymous_33)
FNDA:1,(anonymous_34)
FNDA:1,(anonymous_35)
FNDA:22,(anonymous_36)
DA:40,1
DA:41,1
DA:42,1
DA:45,1
DA:46,1
DA:47,1
DA:48,1
DA:49,1
DA:51,1
DA:52,1
DA:53,1
DA:54,1
DA:63,0
DA:73,261
DA:74,261
DA:76,261
DA:77,261
DA:82,112
DA:85,112
DA:86,0
DA:89,112
DA:91,261
DA:99,6
DA:100,6
DA:102,0
DA:103,0
DA:105,0
DA:111,36
DA:112,36
DA:116,36
DA:117,34
DA:119,2
DA:120,1
DA:129,1
DA:130,1
DA:133,0
DA:139,1
DA:142,140
DA:143,140
DA:145,0
DA:149,140
DA:157,113
DA:158,253
DA:159,253
DA:162,104
DA:163,63
DA:164,63
DA:167,41
DA:171,149
DA:172,149
DA:173,72
DA:176,77
DA:182,104
DA:183,104
DA:184,34
DA:186,70
DA:187,70
DA:191,0
DA:194,1
DA:207,209
DA:208,209
DA:209,209
DA:213,209
DA:214,100
DA:215,100
DA:217,100
DA:220,109
DA:221,109
DA:224,109
DA:225,109
DA:235,37
DA:236,32
DA:239,5
DA:241,5
DA:245,0
DA:246,0
DA:248,0
DA:252,5
DA:260,104
DA:264,0
DA:265,0
DA:267,0
DA:269,104
DA:274,1
DA:275,1
DA:276,1
DA:277,1
DA:278,1
DA:279,1
DA:281,1
DA:282,0
DA:290,1
DA:296,1
DA:297,0
DA:300,1
DA:302,1
DA:303,0
DA:306,1
DA:310,2
DA:311,2
DA:312,2
DA:314,2
DA:315,2
DA:320,2
DA:321,1
DA:324,1
DA:325,1
DA:329,0
DA:330,0
DA:332,0
DA:335,1
DA:337,1
DA:341,0
DA:342,0
DA:344,0
DA:348,1
DA:359,2
DA:360,2
DA:361,2
DA:363,2
DA:364,2
DA:369,2
DA:370,1
DA:373,1
DA:374,1
DA:378,0
DA:379,0
DA:381,0
DA:384,1
DA:386,1
DA:390,0
DA:391,0
DA:393,0
DA:396,1
DA:409,3
DA:411,3
DA:419,3
DA:420,0
DA:423,3
DA:427,3
DA:428,3
DA:429,3
DA:431,3
DA:432,3
DA:433,7
DA:436,3
DA:437,3
DA:438,3
DA:440,3
DA:441,1
DA:444,1
DA:448,2
DA:449,2
DA:455,0
DA:463,2
DA:464,2
DA:465,2
DA:466,2
DA:467,2
DA:471,2
DA:472,0
DA:479,2
DA:488,2
DA:489,1
DA:492,1
DA:493,1
DA:494,0
DA:497,1
DA:501,1
DA:502,2
DA:503,1
DA:505,0
DA:509,1
DA:513,2
DA:521,2
DA:522,1
DA:527,1
DA:528,2
DA:529,2
DA:530,0
DA:535,0
DA:536,0
DA:540,1
DA:541,1
DA:542,1
DA:543,1
DA:544,1
DA:552,22
DA:553,22
DA:554,22
DA:555,22
DA:556,22
LF:192
LH:155
BRDA:71,0,0,255
BRDA:85,1,0,0
BRDA:85,1,1,112
BRDA:102,2,0,0
BRDA:102,2,1,0
BRDA:102,3,0,0
BRDA:102,3,1,0
BRDA:116,4,0,34
BRDA:116,4,1,2
BRDA:116,5,0,36
BRDA:116,5,1,34
BRDA:119,6,0,1
BRDA:119,6,1,1
BRDA:119,7,0,2
BRDA:119,7,1,1
BRDA:129,8,0,1
BRDA:129,8,1,0
BRDA:142,9,0,140
BRDA:142,9,1,0
BRDA:155,10,0,113
BRDA:162,11,0,63
BRDA:162,11,1,41
BRDA:162,12,0,104
BRDA:162,12,1,94
BRDA:171,13,0,149
BRDA:171,13,1,149
BRDA:172,14,0,72
BRDA:172,14,1,77
BRDA:172,15,0,149
BRDA:172,15,1,115
BRDA:182,16,0,104
BRDA:182,16,1,0
BRDA:183,17,0,34
BRDA:183,17,1,70
BRDA:186,18,0,70
BRDA:186,18,1,0
BRDA:209,19,0,209
BRDA:209,19,1,0
BRDA:213,20,0,100
BRDA:213,20,1,109
BRDA:214,21,0,100
BRDA:214,21,1,0
BRDA:220,22,0,109
BRDA:220,22,1,0
BRDA:229,23,0,0
BRDA:229,23,1,109
BRDA:235,24,0,32
BRDA:235,24,1,5
BRDA:241,25,0,0
BRDA:241,25,1,5
BRDA:242,26,0,5
BRDA:242,26,1,5
BRDA:245,27,0,0
BRDA:245,27,1,0
BRDA:253,28,0,5
BRDA:253,28,1,0
BRDA:260,29,0,0
BRDA:260,29,1,104
BRDA:261,30,0,104
BRDA:261,30,1,104
BRDA:264,31,0,0
BRDA:264,31,1,0
BRDA:281,32,0,0
BRDA:281,32,1,1
BRDA:281,33,0,1
BRDA:281,33,1,1
BRDA:283,34,0,0
BRDA:283,34,1,0
BRDA:283,34,2,0
BRDA:284,35,0,0
BRDA:284,35,1,0
BRDA:285,36,0,0
BRDA:285,36,1,0
BRDA:296,37,0,0
BRDA:296,37,1,1
BRDA:302,38,0,0
BRDA:302,38,1,1
BRDA:320,39,0,1
BRDA:320,39,1,1
BRDA:325,40,0,0
BRDA:325,40,1,1
BRDA:326,41,0,1
BRDA:326,41,1,1
BRDA:329,42,0,0
BRDA:329,42,1,0
BRDA:335,43,0,1
BRDA:335,43,1,0
BRDA:337,44,0,0
BRDA:337,44,1,1
BRDA:338,45,0,1
BRDA:338,45,1,1
BRDA:341,46,0,0
BRDA:341,46,1,0
BRDA:351,47,0,1
BRDA:351,47,1,0
BRDA:351,48,0,1
BRDA:351,48,1,1
BRDA:369,49,0,1
BRDA:369,49,1,1
BRDA:374,50,0,0
BRDA:374,50,1,1
BRDA:375,51,0,1
BRDA:375,51,1,1
BRDA:378,52,0,0
BRDA:378,52,1,0
BRDA:384,53,0,1
BRDA:384,53,1,0
BRDA:386,54,0,0
BRDA:386,54,1,1
BRDA:387,55,0,1
BRDA:387,55,1,1
BRDA:390,56,0,0
BRDA:390,56,1,0
BRDA:399,57,0,1
BRDA:399,57,1,0
BRDA:399,58,0,1
BRDA:399,58,1,1
BRDA:414,59,0,1
BRDA:414,59,1,2
BRDA:419,60,0,0
BRDA:419,60,1,3
BRDA:427,61,0,3
BRDA:427,61,1,1
BRDA:428,62,0,3
BRDA:428,62,1,1
BRDA:433,63,0,7
BRDA:433,63,1,0
BRDA:440,64,0,1
BRDA:440,64,1,2
BRDA:452,65,0,2
BRDA:452,65,1,0
BRDA:471,66,0,0
BRDA:471,66,1,2
BRDA:471,67,0,2
BRDA:471,67,1,2
BRDA:473,68,0,0
BRDA:473,68,1,0
BRDA:473,68,2,0
BRDA:474,69,0,0
BRDA:474,69,1,0
BRDA:475,70,0,0
BRDA:475,70,1,0
BRDA:488,71,0,1
BRDA:488,71,1,1
BRDA:493,72,0,0
BRDA:493,72,1,1
BRDA:502,73,0,1
BRDA:502,73,1,1
BRDA:503,74,0,1
BRDA:503,74,1,0
BRDA:505,75,0,0
BRDA:505,75,1,0
BRDA:521,76,0,1
BRDA:521,76,1,1
BRF:154
BRH:93
end_of_record
